#
# There is insufficient memory for the Java Runtime Environment to continue.
# Native memory allocation (malloc) failed to allocate 1259856 bytes for Chunk::new
# Possible reasons:
#   The system is out of physical RAM or swap space
#   The process is running with CompressedOops enabled, and the Java Heap may be blocking the growth of the native heap
# Possible solutions:
#   Reduce memory load on the system
#   Increase physical memory or swap space
#   Check if swap backing store is full
#   Decrease Java heap size (-Xmx/-Xms)
#   Decrease number of Java threads
#   Decrease Java thread stack sizes (-Xss)
#   Set larger code cache with -XX:ReservedCodeCacheSize=
#   JVM is running with Unscaled Compressed Oops mode in which the Java heap is
#     placed in the first 4GB address space. The Java Heap base address is the
#     maximum limit for the native heap growth. Please use -XX:HeapBaseMinAddress
#     to set the Java Heap base and to place the Java Heap above 4GB virtual address.
# This output file may be truncated or incomplete.
#
#  Out of Memory Error (./src/hotspot/share/memory/arena.cpp:197), pid=21884, tid=30404
#
# JRE version: OpenJDK Runtime Environment (11.0.13) (build 11.0.13+0-b1751.21-8125866)
# Java VM: OpenJDK 64-Bit Server VM (11.0.13+0-b1751.21-8125866, mixed mode, tiered, compressed oops, g1 gc, windows-amd64)
# No core dump will be written. Minidumps are not enabled by default on client versions of Windows
#

---------------  S U M M A R Y ------------

Command Line: --add-opens=java.base/java.util=ALL-UNNAMED --add-opens=java.base/java.lang=ALL-UNNAMED --add-opens=java.base/java.lang.invoke=ALL-UNNAMED --add-opens=java.base/java.util=ALL-UNNAMED --add-opens=java.prefs/java.util.prefs=ALL-UNNAMED --add-opens=java.prefs/java.util.prefs=ALL-UNNAMED --add-opens=java.base/java.nio.charset=ALL-UNNAMED --add-opens=java.base/java.net=ALL-UNNAMED --add-opens=java.base/java.util.concurrent.atomic=ALL-UNNAMED -Xmx2048m -Dfile.encoding=UTF-8 -Duser.country=KR -Duser.language=ko -Duser.variant org.gradle.launcher.daemon.bootstrap.GradleDaemon 7.4

Host: Intel(R) Core(TM) i5-7500 CPU @ 3.40GHz, 4 cores, 15G,  Windows 10 , 64 bit Build 19041 (10.0.19041.1806)
Time: Sun Nov 27 07:09:18 2022 대한민국 표준시 elapsed time: 27.699894 seconds (0d 0h 0m 27s)

---------------  T H R E A D  ---------------

Current thread (0x0000017b918b1800):  JavaThread "C2 CompilerThread0" daemon [_thread_in_native, id=30404, stack(0x0000001117800000,0x0000001117900000)]


Current CompileTask:
C2:  27700 10984       4       com.android.ide.common.resources.NodeUtils::updateNamespace (161 bytes)

Stack: [0x0000001117800000,0x0000001117900000]
Native frames: (J=compiled Java code, j=interpreted, Vv=VM code, C=native code)
V  [jvm.dll+0x6100fa]
V  [jvm.dll+0x747090]
V  [jvm.dll+0x7486ad]
V  [jvm.dll+0x748d83]
V  [jvm.dll+0x24ab48]
V  [jvm.dll+0xc04dc]
V  [jvm.dll+0xc0a0c]
V  [jvm.dll+0x35eb5b]
V  [jvm.dll+0x32b833]
V  [jvm.dll+0x32ad2a]
V  [jvm.dll+0x2032b2]
V  [jvm.dll+0x202437]
V  [jvm.dll+0x188e01]
V  [jvm.dll+0x21106b]
V  [jvm.dll+0x20f8c1]
V  [jvm.dll+0x70de0f]
V  [jvm.dll+0x706a75]
V  [jvm.dll+0x60ed66]
C  [ucrtbase.dll+0x21bb2]
C  [KERNEL32.DLL+0x17034]
C  [ntdll.dll+0x52651]


---------------  P R O C E S S  ---------------

Threads class SMR info:
_java_thread_list=0x0000017b9b140d50, length=88, elements={
0x0000017bf712f000, 0x0000017b91830000, 0x0000017b91833800, 0x0000017b9185a800,
0x0000017b9185c000, 0x0000017b918ae000, 0x0000017b918b1800, 0x0000017b918b2800,
0x0000017b91910800, 0x0000017b91a2a800, 0x0000017b94384800, 0x0000017b91c6d800,
0x0000017b92f42800, 0x0000017b9423b000, 0x0000017b9399f800, 0x0000017b93bdd000,
0x0000017b93d11800, 0x0000017b93a64000, 0x0000017b93af4000, 0x0000017b93c8e000,
0x0000017b93ae9000, 0x0000017b93ae7800, 0x0000017b93aea000, 0x0000017b93aeb000,
0x0000017b93ae6800, 0x0000017b93ae5000, 0x0000017b93aeb800, 0x0000017b93ae6000,
0x0000017b93ae8800, 0x0000017b93dce000, 0x0000017b93dd3000, 0x0000017b93dd3800,
0x0000017b93dcf800, 0x0000017b93dce800, 0x0000017b93dd5000, 0x0000017b93dd6000,
0x0000017b93dd7000, 0x0000017b93dd1000, 0x0000017b93dd7800, 0x0000017b93dd2000,
0x0000017b93dd9800, 0x0000017b93dda000, 0x0000017b93ddb000, 0x0000017b93ddb800,
0x0000017b93dd8800, 0x0000017b93ddc800, 0x0000017b97b01000, 0x0000017b97b03800,
0x0000017b97b04800, 0x0000017b97b05000, 0x0000017b97b00800, 0x0000017b97b02800,
0x0000017b97b02000, 0x0000017b97b07800, 0x0000017b97b08800, 0x0000017b97b0a000,
0x0000017b97b09800, 0x0000017b97b07000, 0x0000017b97b0b000, 0x0000017b97b0b800,
0x0000017b97b06000, 0x0000017b97b0c800, 0x0000017b97b0f000, 0x0000017b97b0d800,
0x0000017b97b0e000, 0x0000017b955ca000, 0x0000017b955cb000, 0x0000017b955cc800,
0x0000017b955c8800, 0x0000017b955c6800, 0x0000017b955cb800, 0x0000017b955c7800,
0x0000017b955cd000, 0x0000017b955ce000, 0x0000017b955cf000, 0x0000017b955c9000,
0x0000017b955d2000, 0x0000017b955cf800, 0x0000017b955d5800, 0x0000017b955d4000,
0x0000017b955d4800, 0x0000017b955d0800, 0x0000017b955d1800, 0x0000017b955d3000,
0x0000017b96f61800, 0x0000017b96f62800, 0x0000017b91df8800, 0x0000017b96f64000
}

Java Threads: ( => current thread )
  0x0000017bf712f000 JavaThread "main" [_thread_blocked, id=29492, stack(0x0000001116c00000,0x0000001116d00000)]
  0x0000017b91830000 JavaThread "Reference Handler" daemon [_thread_blocked, id=28256, stack(0x0000001117300000,0x0000001117400000)]
  0x0000017b91833800 JavaThread "Finalizer" daemon [_thread_blocked, id=32708, stack(0x0000001117400000,0x0000001117500000)]
  0x0000017b9185a800 JavaThread "Signal Dispatcher" daemon [_thread_blocked, id=29736, stack(0x0000001117500000,0x0000001117600000)]
  0x0000017b9185c000 JavaThread "Attach Listener" daemon [_thread_blocked, id=33076, stack(0x0000001117600000,0x0000001117700000)]
  0x0000017b918ae000 JavaThread "Service Thread" daemon [_thread_blocked, id=10224, stack(0x0000001117700000,0x0000001117800000)]
=>0x0000017b918b1800 JavaThread "C2 CompilerThread0" daemon [_thread_in_native, id=30404, stack(0x0000001117800000,0x0000001117900000)]
  0x0000017b918b2800 JavaThread "C1 CompilerThread0" daemon [_thread_blocked, id=33016, stack(0x0000001117900000,0x0000001117a00000)]
  0x0000017b91910800 JavaThread "Sweeper thread" daemon [_thread_blocked, id=26964, stack(0x0000001117a00000,0x0000001117b00000)]
  0x0000017b91a2a800 JavaThread "Common-Cleaner" daemon [_thread_blocked, id=17056, stack(0x0000001117b00000,0x0000001117c00000)]
  0x0000017b94384800 JavaThread "Daemon health stats" [_thread_blocked, id=33440, stack(0x0000001118100000,0x0000001118200000)]
  0x0000017b91c6d800 JavaThread "Incoming local TCP Connector on port 2648" [_thread_in_native, id=30136, stack(0x0000001117d00000,0x0000001117e00000)]
  0x0000017b92f42800 JavaThread "Daemon periodic checks" [_thread_blocked, id=26388, stack(0x0000001118200000,0x0000001118300000)]
  0x0000017b9423b000 JavaThread "Daemon" [_thread_blocked, id=28648, stack(0x0000001118300000,0x0000001118400000)]
  0x0000017b9399f800 JavaThread "Handler for socket connection from /127.0.0.1:2648 to /127.0.0.1:2649" [_thread_in_native, id=28252, stack(0x0000001118400000,0x0000001118500000)]
  0x0000017b93bdd000 JavaThread "Cancel handler" [_thread_blocked, id=15512, stack(0x0000001118500000,0x0000001118600000)]
  0x0000017b93d11800 JavaThread "Daemon worker" [_thread_blocked, id=29076, stack(0x0000001118600000,0x0000001118700000)]
  0x0000017b93a64000 JavaThread "Asynchronous log dispatcher for DefaultDaemonConnection: socket connection from /127.0.0.1:2648 to /127.0.0.1:2649" [_thread_blocked, id=31064, stack(0x0000001118700000,0x0000001118800000)]
  0x0000017b93af4000 JavaThread "Stdin handler" [_thread_blocked, id=27784, stack(0x0000001118800000,0x0000001118900000)]
  0x0000017b93c8e000 JavaThread "Daemon client event forwarder" [_thread_blocked, id=28600, stack(0x0000001118900000,0x0000001118a00000)]
  0x0000017b93ae9000 JavaThread "Cache worker for journal cache (C:\Users\ok\.gradle\caches\journal-1)" [_thread_blocked, id=14032, stack(0x0000001118a00000,0x0000001118b00000)]
  0x0000017b93ae7800 JavaThread "File lock request listener" [_thread_in_native, id=16908, stack(0x0000001118b00000,0x0000001118c00000)]
  0x0000017b93aea000 JavaThread "Cache worker for file hash cache (C:\Users\ok\.gradle\caches\7.4\fileHashes)" [_thread_blocked, id=32720, stack(0x0000001118c00000,0x0000001118d00000)]
  0x0000017b93aeb000 JavaThread "File watcher server" daemon [_thread_in_native, id=16436, stack(0x0000001118e00000,0x0000001118f00000)]
  0x0000017b93ae6800 JavaThread "File watcher consumer" daemon [_thread_blocked, id=27256, stack(0x0000001118f00000,0x0000001119000000)]
  0x0000017b93ae5000 JavaThread "Cache worker for checksums cache (C:\JYPSourceCode\PBL\.gradle\7.4\checksums)" [_thread_blocked, id=24376, stack(0x0000001119000000,0x0000001119100000)]
  0x0000017b93aeb800 JavaThread "Cache worker for cache directory md-rule (C:\Users\ok\.gradle\caches\7.4\md-rule)" [_thread_blocked, id=28132, stack(0x0000001119100000,0x0000001119200000)]
  0x0000017b93ae6000 JavaThread "Cache worker for file hash cache (C:\JYPSourceCode\PBL\.gradle\7.4\fileHashes)" [_thread_blocked, id=22132, stack(0x0000001119200000,0x0000001119300000)]
  0x0000017b93ae8800 JavaThread "Cache worker for cache directory md-supplier (C:\Users\ok\.gradle\caches\7.4\md-supplier)" [_thread_blocked, id=30080, stack(0x0000001119300000,0x0000001119400000)]
  0x0000017b93dce000 JavaThread "Cache worker for execution history cache (C:\Users\ok\.gradle\caches\7.4\executionHistory)" [_thread_blocked, id=29300, stack(0x0000001119400000,0x0000001119500000)]
  0x0000017b93dd3000 JavaThread "jar transforms" [_thread_blocked, id=7872, stack(0x0000001119500000,0x0000001119600000)]
  0x0000017b93dd3800 JavaThread "Cache worker for file content cache (C:\Users\ok\.gradle\caches\7.4\fileContent)" [_thread_blocked, id=7900, stack(0x0000001119600000,0x0000001119700000)]
  0x0000017b93dcf800 JavaThread "jar transforms Thread 2" [_thread_blocked, id=17948, stack(0x0000001119700000,0x0000001119800000)]
  0x0000017b93dce800 JavaThread "Cache worker for dependencies-accessors (C:\JYPSourceCode\PBL\.gradle\7.4\dependencies-accessors)" [_thread_blocked, id=14648, stack(0x0000001119800000,0x0000001119900000)]
  0x0000017b93dd5000 JavaThread "jar transforms Thread 3" [_thread_blocked, id=23768, stack(0x0000001119900000,0x0000001119a00000)]
  0x0000017b93dd6000 JavaThread "Cache worker for Build Output Cleanup Cache (C:\JYPSourceCode\PBL\.gradle\buildOutputCleanup)" [_thread_blocked, id=28652, stack(0x0000001119a00000,0x0000001119b00000)]
  0x0000017b93dd7000 JavaThread "Unconstrained build operations" [_thread_blocked, id=16544, stack(0x0000001118d00000,0x0000001118e00000)]
  0x0000017b93dd1000 JavaThread "Unconstrained build operations Thread 2" [_thread_blocked, id=21928, stack(0x0000001119b00000,0x0000001119c00000)]
  0x0000017b93dd7800 JavaThread "Unconstrained build operations Thread 3" [_thread_blocked, id=33380, stack(0x0000001119c00000,0x0000001119d00000)]
  0x0000017b93dd2000 JavaThread "Unconstrained build operations Thread 4" [_thread_blocked, id=11128, stack(0x0000001119d00000,0x0000001119e00000)]
  0x0000017b93dd9800 JavaThread "Unconstrained build operations Thread 5" [_thread_blocked, id=28508, stack(0x0000001119e00000,0x0000001119f00000)]
  0x0000017b93dda000 JavaThread "Unconstrained build operations Thread 6" [_thread_blocked, id=27456, stack(0x0000001119f00000,0x000000111a000000)]
  0x0000017b93ddb000 JavaThread "Unconstrained build operations Thread 7" [_thread_blocked, id=9312, stack(0x000000111a000000,0x000000111a100000)]
  0x0000017b93ddb800 JavaThread "Unconstrained build operations Thread 8" [_thread_blocked, id=32872, stack(0x000000111a100000,0x000000111a200000)]
  0x0000017b93dd8800 JavaThread "Unconstrained build operations Thread 9" [_thread_blocked, id=32116, stack(0x000000111a200000,0x000000111a300000)]
  0x0000017b93ddc800 JavaThread "Unconstrained build operations Thread 10" [_thread_blocked, id=32032, stack(0x000000111a300000,0x000000111a400000)]
  0x0000017b97b01000 JavaThread "Unconstrained build operations Thread 11" [_thread_blocked, id=28460, stack(0x000000111a400000,0x000000111a500000)]
  0x0000017b97b03800 JavaThread "Unconstrained build operations Thread 12" [_thread_blocked, id=7804, stack(0x000000111a500000,0x000000111a600000)]
  0x0000017b97b04800 JavaThread "Unconstrained build operations Thread 13" [_thread_blocked, id=23408, stack(0x000000111a600000,0x000000111a700000)]
  0x0000017b97b05000 JavaThread "Unconstrained build operations Thread 14" [_thread_blocked, id=30816, stack(0x000000111a700000,0x000000111a800000)]
  0x0000017b97b00800 JavaThread "Unconstrained build operations Thread 15" [_thread_blocked, id=29160, stack(0x000000111a800000,0x000000111a900000)]
  0x0000017b97b02800 JavaThread "Unconstrained build operations Thread 16" [_thread_blocked, id=21892, stack(0x000000111a900000,0x000000111aa00000)]
  0x0000017b97b02000 JavaThread "Unconstrained build operations Thread 17" [_thread_blocked, id=13784, stack(0x000000111aa00000,0x000000111ab00000)]
  0x0000017b97b07800 JavaThread "Unconstrained build operations Thread 18" [_thread_blocked, id=28408, stack(0x000000111ab00000,0x000000111ac00000)]
  0x0000017b97b08800 JavaThread "Unconstrained build operations Thread 19" [_thread_blocked, id=30888, stack(0x000000111ac00000,0x000000111ad00000)]
  0x0000017b97b0a000 JavaThread "Unconstrained build operations Thread 20" [_thread_blocked, id=20972, stack(0x000000111ad00000,0x000000111ae00000)]
  0x0000017b97b09800 JavaThread "Unconstrained build operations Thread 21" [_thread_blocked, id=14964, stack(0x000000111ae00000,0x000000111af00000)]
  0x0000017b97b07000 JavaThread "Unconstrained build operations Thread 22" [_thread_blocked, id=11532, stack(0x000000111af00000,0x000000111b000000)]
  0x0000017b97b0b000 JavaThread "Unconstrained build operations Thread 23" [_thread_blocked, id=31612, stack(0x000000111b000000,0x000000111b100000)]
  0x0000017b97b0b800 JavaThread "Unconstrained build operations Thread 24" [_thread_blocked, id=21988, stack(0x000000111b100000,0x000000111b200000)]
  0x0000017b97b06000 JavaThread "Unconstrained build operations Thread 25" [_thread_blocked, id=33340, stack(0x000000111b200000,0x000000111b300000)]
  0x0000017b97b0c800 JavaThread "Unconstrained build operations Thread 26" [_thread_blocked, id=23908, stack(0x000000111b300000,0x000000111b400000)]
  0x0000017b97b0f000 JavaThread "Unconstrained build operations Thread 27" [_thread_blocked, id=28168, stack(0x000000111b400000,0x000000111b500000)]
  0x0000017b97b0d800 JavaThread "Unconstrained build operations Thread 28" [_thread_blocked, id=23988, stack(0x000000111b500000,0x000000111b600000)]
  0x0000017b97b0e000 JavaThread "Unconstrained build operations Thread 29" [_thread_blocked, id=31596, stack(0x000000111b600000,0x000000111b700000)]
  0x0000017b955ca000 JavaThread "Unconstrained build operations Thread 30" [_thread_blocked, id=32112, stack(0x000000111b700000,0x000000111b800000)]
  0x0000017b955cb000 JavaThread "Unconstrained build operations Thread 31" [_thread_blocked, id=32168, stack(0x000000111b800000,0x000000111b900000)]
  0x0000017b955cc800 JavaThread "Unconstrained build operations Thread 32" [_thread_blocked, id=21588, stack(0x000000111b900000,0x000000111ba00000)]
  0x0000017b955c8800 JavaThread "Unconstrained build operations Thread 33" [_thread_blocked, id=21564, stack(0x000000111ba00000,0x000000111bb00000)]
  0x0000017b955c6800 JavaThread "Unconstrained build operations Thread 34" [_thread_blocked, id=29920, stack(0x000000111bb00000,0x000000111bc00000)]
  0x0000017b955cb800 JavaThread "Unconstrained build operations Thread 35" [_thread_blocked, id=30524, stack(0x000000111bc00000,0x000000111bd00000)]
  0x0000017b955c7800 JavaThread "Unconstrained build operations Thread 36" [_thread_blocked, id=4620, stack(0x000000111bd00000,0x000000111be00000)]
  0x0000017b955cd000 JavaThread "Unconstrained build operations Thread 37" [_thread_blocked, id=25168, stack(0x000000111be00000,0x000000111bf00000)]
  0x0000017b955ce000 JavaThread "Unconstrained build operations Thread 38" [_thread_blocked, id=31592, stack(0x000000111bf00000,0x000000111c000000)]
  0x0000017b955cf000 JavaThread "Unconstrained build operations Thread 39" [_thread_blocked, id=18260, stack(0x000000111c000000,0x000000111c100000)]
  0x0000017b955c9000 JavaThread "Unconstrained build operations Thread 40" [_thread_blocked, id=28232, stack(0x000000111c100000,0x000000111c200000)]
  0x0000017b955d2000 JavaThread "jar transforms Thread 4" [_thread_blocked, id=28960, stack(0x000000111c300000,0x000000111c400000)]
  0x0000017b955cf800 JavaThread "Memory manager" [_thread_blocked, id=13624, stack(0x000000111c400000,0x000000111c500000)]
  0x0000017b955d5800 JavaThread "build event listener" [_thread_blocked, id=11700, stack(0x000000111c500000,0x000000111c600000)]
  0x0000017b955d4000 JavaThread "pool-3-thread-1" [_thread_blocked, id=10540, stack(0x000000111c600000,0x000000111c700000)]
  0x0000017b955d4800 JavaThread "build event listener" [_thread_blocked, id=21388, stack(0x000000111c700000,0x000000111c800000)]
  0x0000017b955d0800 JavaThread "included builds" [_thread_blocked, id=26176, stack(0x000000111c800000,0x000000111c900000)]
  0x0000017b955d1800 JavaThread "Execution worker for ':'" [_thread_blocked, id=27496, stack(0x000000111c900000,0x000000111ca00000)]
  0x0000017b955d3000 JavaThread "Execution worker for ':' Thread 2" [_thread_blocked, id=32788, stack(0x000000111ca00000,0x000000111cb00000)]
  0x0000017b96f61800 JavaThread "Execution worker for ':' Thread 3" [_thread_blocked, id=22084, stack(0x000000111cb00000,0x000000111cc00000)]
  0x0000017b96f62800 JavaThread "Cache worker for execution history cache (C:\JYPSourceCode\PBL\.gradle\7.4\executionHistory)" [_thread_blocked, id=23432, stack(0x000000111cc00000,0x000000111cd00000)]
  0x0000017b91df8800 JavaThread "C2 CompilerThread1" daemon [_thread_in_native, id=32312, stack(0x000000111c200000,0x000000111c300000)]
  0x0000017b96f64000 JavaThread "WorkerExecutor Queue" [_thread_in_vm, id=33788, stack(0x000000111ce00000,0x000000111cf00000)]

Other Threads:
  0x0000017b9182c800 VMThread "VM Thread" [stack: 0x0000001117200000,0x0000001117300000] [id=27212]
  0x0000017b91a30000 WatcherThread [stack: 0x0000001117c00000,0x0000001117d00000] [id=29852]
  0x0000017bf7149800 GCTaskThread "GC Thread#0" [stack: 0x0000001116d00000,0x0000001116e00000] [id=5784]
  0x0000017b91d12800 GCTaskThread "GC Thread#1" [stack: 0x0000001117e00000,0x0000001117f00000] [id=32100]
  0x0000017b91ff1000 GCTaskThread "GC Thread#2" [stack: 0x0000001117f00000,0x0000001118000000] [id=19680]
  0x0000017b91d09000 GCTaskThread "GC Thread#3" [stack: 0x0000001118000000,0x0000001118100000] [id=22036]
  0x0000017bf7179800 ConcurrentGCThread "G1 Main Marker" [stack: 0x0000001116e00000,0x0000001116f00000] [id=14440]
  0x0000017bf717b000 ConcurrentGCThread "G1 Conc#0" [stack: 0x0000001116f00000,0x0000001117000000] [id=9004]
  0x0000017bffbe4800 ConcurrentGCThread "G1 Refine#0" [stack: 0x0000001117000000,0x0000001117100000] [id=31772]
  0x0000017b97560800 ConcurrentGCThread "G1 Refine#1" [stack: 0x000000111cd00000,0x000000111ce00000] [id=32228]
  0x0000017bffbe5800 ConcurrentGCThread "G1 Young RemSet Sampling" [stack: 0x0000001117100000,0x0000001117200000] [id=26876]

Threads with active compile tasks:
C2 CompilerThread0  27760 10984       4       com.android.ide.common.resources.NodeUtils::updateNamespace (161 bytes)
C1 CompilerThread0  27760 11048       2       java.io.ObjectInputStream$HandleTable::markDependency (175 bytes)
C2 CompilerThread1  27760 11032       4       com.android.utils.XmlUtils::append (645 bytes)

VM state:not at safepoint (normal execution)

VM Mutex/Monitor currently owned by a thread: None

Heap address: 0x0000000080000000, size: 2048 MB, Compressed Oops mode: 32-bit
Narrow klass base: 0x0000000000000000, Narrow klass shift: 3
Compressed class space size: 1073741824 Address: 0x0000000100000000

Heap:
 garbage-first heap   total 262144K, used 143360K [0x0000000080000000, 0x0000000100000000)
  region size 1024K, 40 young (40960K), 18 survivors (18432K)
 Metaspace       used 92545K, capacity 94762K, committed 94928K, reserved 1132544K
  class space    used 11770K, capacity 12637K, committed 12672K, reserved 1048576K
Heap Regions: E=young(eden), S=young(survivor), O=old, HS=humongous(starts), HC=humongous(continues), CS=collection set, F=free, A=archive, TAMS=top-at-mark-start (previous, next)
|   0|0x0000000080000000, 0x0000000080100000, 0x0000000080100000|100%|HS|  |TAMS 0x0000000080100000, 0x0000000080000000| Complete 
|   1|0x0000000080100000, 0x0000000080200000, 0x0000000080200000|100%|HC|  |TAMS 0x0000000080200000, 0x0000000080100000| Complete 
|   2|0x0000000080200000, 0x0000000080300000, 0x0000000080300000|100%|HC|  |TAMS 0x0000000080300000, 0x0000000080200000| Complete 
|   3|0x0000000080300000, 0x0000000080400000, 0x0000000080400000|100%| O|  |TAMS 0x0000000080400000, 0x0000000080300000| Untracked 
|   4|0x0000000080400000, 0x0000000080500000, 0x0000000080500000|100%| O|  |TAMS 0x0000000080500000, 0x0000000080400000| Untracked 
|   5|0x0000000080500000, 0x0000000080600000, 0x0000000080600000|100%| O|  |TAMS 0x0000000080600000, 0x0000000080500000| Untracked 
|   6|0x0000000080600000, 0x0000000080700000, 0x0000000080700000|100%| O|  |TAMS 0x0000000080700000, 0x0000000080600000| Untracked 
|   7|0x0000000080700000, 0x0000000080800000, 0x0000000080800000|100%| O|  |TAMS 0x0000000080800000, 0x0000000080700000| Untracked 
|   8|0x0000000080800000, 0x0000000080900000, 0x0000000080900000|100%| O|  |TAMS 0x0000000080900000, 0x0000000080800000| Untracked 
|   9|0x0000000080900000, 0x0000000080a00000, 0x0000000080a00000|100%| O|  |TAMS 0x0000000080a00000, 0x0000000080900000| Untracked 
|  10|0x0000000080a00000, 0x0000000080b00000, 0x0000000080b00000|100%| O|  |TAMS 0x0000000080b00000, 0x0000000080a00000| Untracked 
|  11|0x0000000080b00000, 0x0000000080c00000, 0x0000000080c00000|100%| O|  |TAMS 0x0000000080c00000, 0x0000000080b00000| Untracked 
|  12|0x0000000080c00000, 0x0000000080d00000, 0x0000000080d00000|100%| O|  |TAMS 0x0000000080d00000, 0x0000000080c00000| Untracked 
|  13|0x0000000080d00000, 0x0000000080e00000, 0x0000000080e00000|100%| O|  |TAMS 0x0000000080e00000, 0x0000000080d00000| Untracked 
|  14|0x0000000080e00000, 0x0000000080f00000, 0x0000000080f00000|100%| O|  |TAMS 0x0000000080f00000, 0x0000000080e00000| Untracked 
|  15|0x0000000080f00000, 0x0000000081000000, 0x0000000081000000|100%| O|  |TAMS 0x0000000081000000, 0x0000000080f00000| Untracked 
|  16|0x0000000081000000, 0x0000000081100000, 0x0000000081100000|100%| O|  |TAMS 0x0000000081100000, 0x0000000081000000| Untracked 
|  17|0x0000000081100000, 0x0000000081200000, 0x0000000081200000|100%|HS|  |TAMS 0x0000000081200000, 0x0000000081100000| Complete 
|  18|0x0000000081200000, 0x0000000081300000, 0x0000000081300000|100%|HS|  |TAMS 0x0000000081300000, 0x0000000081200000| Complete 
|  19|0x0000000081300000, 0x0000000081400000, 0x0000000081400000|100%|HS|  |TAMS 0x0000000081400000, 0x0000000081300000| Complete 
|  20|0x0000000081400000, 0x0000000081500000, 0x0000000081500000|100%|HS|  |TAMS 0x0000000081500000, 0x0000000081400000| Complete 
|  21|0x0000000081500000, 0x0000000081600000, 0x0000000081600000|100%|HC|  |TAMS 0x0000000081600000, 0x0000000081500000| Complete 
|  22|0x0000000081600000, 0x0000000081700000, 0x0000000081700000|100%|HC|  |TAMS 0x0000000081700000, 0x0000000081600000| Complete 
|  23|0x0000000081700000, 0x0000000081800000, 0x0000000081800000|100%|HC|  |TAMS 0x0000000081800000, 0x0000000081700000| Complete 
|  24|0x0000000081800000, 0x0000000081900000, 0x0000000081900000|100%| O|  |TAMS 0x0000000081800000, 0x0000000081800000| Untracked 
|  25|0x0000000081900000, 0x0000000081a00000, 0x0000000081a00000|100%|HS|  |TAMS 0x0000000081a00000, 0x0000000081900000| Complete 
|  26|0x0000000081a00000, 0x0000000081b00000, 0x0000000081b00000|100%|HC|  |TAMS 0x0000000081b00000, 0x0000000081a00000| Complete 
|  27|0x0000000081b00000, 0x0000000081c00000, 0x0000000081c00000|100%| O|  |TAMS 0x0000000081c00000, 0x0000000081b00000| Untracked 
|  28|0x0000000081c00000, 0x0000000081d00000, 0x0000000081d00000|100%| O|  |TAMS 0x0000000081d00000, 0x0000000081c00000| Untracked 
|  29|0x0000000081d00000, 0x0000000081e00000, 0x0000000081e00000|100%| O|  |TAMS 0x0000000081e00000, 0x0000000081d00000| Untracked 
|  30|0x0000000081e00000, 0x0000000081f00000, 0x0000000081f00000|100%| O|  |TAMS 0x0000000081f00000, 0x0000000081e00000| Untracked 
|  31|0x0000000081f00000, 0x0000000082000000, 0x0000000082000000|100%| O|  |TAMS 0x0000000082000000, 0x0000000081f00000| Untracked 
|  32|0x0000000082000000, 0x0000000082100000, 0x0000000082100000|100%| O|  |TAMS 0x0000000082008a00, 0x0000000082000000| Untracked 
|  33|0x0000000082100000, 0x0000000082200000, 0x0000000082200000|100%| O|  |TAMS 0x0000000082100000, 0x0000000082100000| Untracked 
|  34|0x0000000082200000, 0x0000000082300000, 0x0000000082300000|100%| O|  |TAMS 0x0000000082200000, 0x0000000082200000| Untracked 
|  35|0x0000000082300000, 0x0000000082400000, 0x0000000082400000|100%| O|  |TAMS 0x0000000082300000, 0x0000000082300000| Untracked 
|  36|0x0000000082400000, 0x0000000082500000, 0x0000000082500000|100%| O|  |TAMS 0x0000000082400000, 0x0000000082400000| Untracked 
|  37|0x0000000082500000, 0x0000000082600000, 0x0000000082600000|100%| O|  |TAMS 0x0000000082500000, 0x0000000082500000| Untracked 
|  38|0x0000000082600000, 0x0000000082700000, 0x0000000082700000|100%| O|  |TAMS 0x0000000082600000, 0x0000000082600000| Untracked 
|  39|0x0000000082700000, 0x0000000082800000, 0x0000000082800000|100%| O|  |TAMS 0x0000000082700000, 0x0000000082700000| Untracked 
|  40|0x0000000082800000, 0x0000000082900000, 0x0000000082900000|100%| O|  |TAMS 0x0000000082800000, 0x0000000082800000| Untracked 
|  41|0x0000000082900000, 0x0000000082a00000, 0x0000000082a00000|100%| O|  |TAMS 0x0000000082900000, 0x0000000082900000| Untracked 
|  42|0x0000000082a00000, 0x0000000082b00000, 0x0000000082b00000|100%| O|  |TAMS 0x0000000082a00000, 0x0000000082a00000| Untracked 
|  43|0x0000000082b00000, 0x0000000082c00000, 0x0000000082c00000|100%| O|  |TAMS 0x0000000082b00000, 0x0000000082b00000| Untracked 
|  44|0x0000000082c00000, 0x0000000082d00000, 0x0000000082d00000|100%| O|  |TAMS 0x0000000082c00000, 0x0000000082c00000| Untracked 
|  45|0x0000000082d00000, 0x0000000082e00000, 0x0000000082e00000|100%| O|  |TAMS 0x0000000082d00000, 0x0000000082d00000| Untracked 
|  46|0x0000000082e00000, 0x0000000082f00000, 0x0000000082f00000|100%| O|  |TAMS 0x0000000082e00000, 0x0000000082e00000| Untracked 
|  47|0x0000000082f00000, 0x0000000083000000, 0x0000000083000000|100%| O|  |TAMS 0x0000000082f00000, 0x0000000082f00000| Untracked 
|  48|0x0000000083000000, 0x0000000083100000, 0x0000000083100000|100%| O|  |TAMS 0x0000000083000000, 0x0000000083000000| Untracked 
|  49|0x0000000083100000, 0x0000000083200000, 0x0000000083200000|100%| O|  |TAMS 0x0000000083100000, 0x0000000083100000| Untracked 
|  50|0x0000000083200000, 0x0000000083300000, 0x0000000083300000|100%| O|  |TAMS 0x0000000083200000, 0x0000000083200000| Untracked 
|  51|0x0000000083300000, 0x0000000083400000, 0x0000000083400000|100%| O|  |TAMS 0x0000000083300000, 0x0000000083300000| Untracked 
|  52|0x0000000083400000, 0x0000000083500000, 0x0000000083500000|100%| O|  |TAMS 0x0000000083400000, 0x0000000083400000| Untracked 
|  53|0x0000000083500000, 0x0000000083600000, 0x0000000083600000|100%| O|  |TAMS 0x0000000083500000, 0x0000000083500000| Untracked 
|  54|0x0000000083600000, 0x0000000083700000, 0x0000000083700000|100%| O|  |TAMS 0x0000000083600000, 0x0000000083600000| Untracked 
|  55|0x0000000083700000, 0x0000000083800000, 0x0000000083800000|100%| O|  |TAMS 0x0000000083700000, 0x0000000083700000| Untracked 
|  56|0x0000000083800000, 0x0000000083900000, 0x0000000083900000|100%| O|  |TAMS 0x0000000083800000, 0x0000000083800000| Untracked 
|  57|0x0000000083900000, 0x0000000083a00000, 0x0000000083a00000|100%| O|  |TAMS 0x0000000083900000, 0x0000000083900000| Untracked 
|  58|0x0000000083a00000, 0x0000000083b00000, 0x0000000083b00000|100%| O|  |TAMS 0x0000000083a00000, 0x0000000083a00000| Untracked 
|  59|0x0000000083b00000, 0x0000000083c00000, 0x0000000083c00000|100%| O|  |TAMS 0x0000000083b00000, 0x0000000083b00000| Untracked 
|  60|0x0000000083c00000, 0x0000000083d00000, 0x0000000083d00000|100%| O|  |TAMS 0x0000000083c00000, 0x0000000083c00000| Untracked 
|  61|0x0000000083d00000, 0x0000000083e00000, 0x0000000083e00000|100%| O|  |TAMS 0x0000000083d00000, 0x0000000083d00000| Untracked 
|  62|0x0000000083e00000, 0x0000000083f00000, 0x0000000083f00000|100%| O|  |TAMS 0x0000000083e00000, 0x0000000083e00000| Untracked 
|  63|0x0000000083f00000, 0x0000000084000000, 0x0000000084000000|100%|HS|  |TAMS 0x0000000083f00000, 0x0000000083f00000| Complete 
|  64|0x0000000084000000, 0x0000000084000000, 0x0000000084100000|  0%| F|  |TAMS 0x0000000084000000, 0x0000000084000000| Untracked 
|  65|0x0000000084100000, 0x0000000084200000, 0x0000000084200000|100%| O|  |TAMS 0x0000000084100000, 0x0000000084100000| Untracked 
|  66|0x0000000084200000, 0x0000000084300000, 0x0000000084300000|100%| O|  |TAMS 0x0000000084200000, 0x0000000084200000| Untracked 
|  67|0x0000000084300000, 0x0000000084400000, 0x0000000084400000|100%| O|  |TAMS 0x0000000084300000, 0x0000000084300000| Untracked 
|  68|0x0000000084400000, 0x0000000084500000, 0x0000000084500000|100%| O|  |TAMS 0x0000000084400000, 0x0000000084400000| Untracked 
|  69|0x0000000084500000, 0x0000000084600000, 0x0000000084600000|100%| O|  |TAMS 0x0000000084500000, 0x0000000084500000| Untracked 
|  70|0x0000000084600000, 0x0000000084700000, 0x0000000084700000|100%| O|  |TAMS 0x0000000084600000, 0x0000000084600000| Untracked 
|  71|0x0000000084700000, 0x0000000084800000, 0x0000000084800000|100%| O|  |TAMS 0x0000000084700000, 0x0000000084700000| Untracked 
|  72|0x0000000084800000, 0x0000000084900000, 0x0000000084900000|100%| O|  |TAMS 0x0000000084800000, 0x0000000084800000| Untracked 
|  73|0x0000000084900000, 0x0000000084a00000, 0x0000000084a00000|100%| O|  |TAMS 0x0000000084900000, 0x0000000084900000| Untracked 
|  74|0x0000000084a00000, 0x0000000084b00000, 0x0000000084b00000|100%| O|  |TAMS 0x0000000084a00000, 0x0000000084a00000| Untracked 
|  75|0x0000000084b00000, 0x0000000084c00000, 0x0000000084c00000|100%| O|  |TAMS 0x0000000084b00000, 0x0000000084b00000| Untracked 
|  76|0x0000000084c00000, 0x0000000084d00000, 0x0000000084d00000|100%| O|  |TAMS 0x0000000084c00000, 0x0000000084c00000| Untracked 
|  77|0x0000000084d00000, 0x0000000084e00000, 0x0000000084e00000|100%| O|  |TAMS 0x0000000084d00000, 0x0000000084d00000| Untracked 
|  78|0x0000000084e00000, 0x0000000084f00000, 0x0000000084f00000|100%| O|  |TAMS 0x0000000084e00000, 0x0000000084e00000| Untracked 
|  79|0x0000000084f00000, 0x0000000085000000, 0x0000000085000000|100%| O|  |TAMS 0x0000000084f00000, 0x0000000084f00000| Untracked 
|  80|0x0000000085000000, 0x0000000085100000, 0x0000000085100000|100%| O|  |TAMS 0x0000000085000000, 0x0000000085000000| Untracked 
|  81|0x0000000085100000, 0x0000000085200000, 0x0000000085200000|100%| O|  |TAMS 0x0000000085100000, 0x0000000085100000| Untracked 
|  82|0x0000000085200000, 0x0000000085300000, 0x0000000085300000|100%| O|  |TAMS 0x0000000085200000, 0x0000000085200000| Untracked 
|  83|0x0000000085300000, 0x0000000085400000, 0x0000000085400000|100%| O|  |TAMS 0x0000000085300000, 0x0000000085300000| Untracked 
|  84|0x0000000085400000, 0x0000000085500000, 0x0000000085500000|100%| O|  |TAMS 0x0000000085400000, 0x0000000085400000| Untracked 
|  85|0x0000000085500000, 0x0000000085600000, 0x0000000085600000|100%| O|  |TAMS 0x0000000085500000, 0x0000000085500000| Untracked 
|  86|0x0000000085600000, 0x0000000085700000, 0x0000000085700000|100%| O|  |TAMS 0x0000000085600000, 0x0000000085600000| Untracked 
|  87|0x0000000085700000, 0x0000000085800000, 0x0000000085800000|100%|HS|  |TAMS 0x0000000085700000, 0x0000000085700000| Complete 
|  88|0x0000000085800000, 0x0000000085900000, 0x0000000085900000|100%|HC|  |TAMS 0x0000000085800000, 0x0000000085800000| Complete 
|  89|0x0000000085900000, 0x0000000085a00000, 0x0000000085a00000|100%|HS|  |TAMS 0x0000000085900000, 0x0000000085900000| Complete 
|  90|0x0000000085a00000, 0x0000000085b00000, 0x0000000085b00000|100%|HC|  |TAMS 0x0000000085a00000, 0x0000000085a00000| Complete 
|  91|0x0000000085b00000, 0x0000000085c00000, 0x0000000085c00000|100%|HC|  |TAMS 0x0000000085b00000, 0x0000000085b00000| Complete 
|  92|0x0000000085c00000, 0x0000000085d00000, 0x0000000085d00000|100%|HC|  |TAMS 0x0000000085c00000, 0x0000000085c00000| Complete 
|  93|0x0000000085d00000, 0x0000000085e00000, 0x0000000085e00000|100%|HS|  |TAMS 0x0000000085d00000, 0x0000000085d00000| Complete 
|  94|0x0000000085e00000, 0x0000000085f00000, 0x0000000085f00000|100%|HC|  |TAMS 0x0000000085e00000, 0x0000000085e00000| Complete 
|  95|0x0000000085f00000, 0x0000000086000000, 0x0000000086000000|100%|HS|  |TAMS 0x0000000085f00000, 0x0000000085f00000| Complete 
|  96|0x0000000086000000, 0x0000000086100000, 0x0000000086100000|100%|HC|  |TAMS 0x0000000086000000, 0x0000000086000000| Complete 
|  97|0x0000000086100000, 0x0000000086200000, 0x0000000086200000|100%|HC|  |TAMS 0x0000000086100000, 0x0000000086100000| Complete 
|  98|0x0000000086200000, 0x0000000086300000, 0x0000000086300000|100%|HC|  |TAMS 0x0000000086200000, 0x0000000086200000| Complete 
|  99|0x0000000086300000, 0x0000000086400000, 0x0000000086400000|100%|HS|  |TAMS 0x0000000086300000, 0x0000000086300000| Complete 
| 100|0x0000000086400000, 0x0000000086500000, 0x0000000086500000|100%|HC|  |TAMS 0x0000000086400000, 0x0000000086400000| Complete 
| 101|0x0000000086500000, 0x0000000086600000, 0x0000000086600000|100%|HC|  |TAMS 0x0000000086500000, 0x0000000086500000| Complete 
| 102|0x0000000086600000, 0x0000000086700000, 0x0000000086700000|100%|HC|  |TAMS 0x0000000086600000, 0x0000000086600000| Complete 
| 103|0x0000000086700000, 0x0000000086700000, 0x0000000086800000|  0%| F|  |TAMS 0x0000000086700000, 0x0000000086700000| Untracked 
| 104|0x0000000086800000, 0x0000000086800000, 0x0000000086900000|  0%| F|  |TAMS 0x0000000086800000, 0x0000000086800000| Untracked 
| 105|0x0000000086900000, 0x0000000086900000, 0x0000000086a00000|  0%| F|  |TAMS 0x0000000086900000, 0x0000000086900000| Untracked 
| 106|0x0000000086a00000, 0x0000000086a00000, 0x0000000086b00000|  0%| F|  |TAMS 0x0000000086a00000, 0x0000000086a00000| Untracked 
| 107|0x0000000086b00000, 0x0000000086b00000, 0x0000000086c00000|  0%| F|  |TAMS 0x0000000086b00000, 0x0000000086b00000| Untracked 
| 108|0x0000000086c00000, 0x0000000086c00000, 0x0000000086d00000|  0%| F|  |TAMS 0x0000000086c00000, 0x0000000086c00000| Untracked 
| 109|0x0000000086d00000, 0x0000000086d00000, 0x0000000086e00000|  0%| F|  |TAMS 0x0000000086d00000, 0x0000000086d00000| Untracked 
| 110|0x0000000086e00000, 0x0000000086f00000, 0x0000000086f00000|100%| S|CS|TAMS 0x0000000086e00000, 0x0000000086e00000| Complete 
| 111|0x0000000086f00000, 0x0000000087000000, 0x0000000087000000|100%| S|CS|TAMS 0x0000000086f00000, 0x0000000086f00000| Complete 
| 112|0x0000000087000000, 0x0000000087100000, 0x0000000087100000|100%| S|CS|TAMS 0x0000000087000000, 0x0000000087000000| Complete 
| 113|0x0000000087100000, 0x0000000087200000, 0x0000000087200000|100%| S|CS|TAMS 0x0000000087100000, 0x0000000087100000| Complete 
| 114|0x0000000087200000, 0x0000000087300000, 0x0000000087300000|100%| S|CS|TAMS 0x0000000087200000, 0x0000000087200000| Complete 
| 115|0x0000000087300000, 0x0000000087400000, 0x0000000087400000|100%| S|CS|TAMS 0x0000000087300000, 0x0000000087300000| Complete 
| 116|0x0000000087400000, 0x0000000087500000, 0x0000000087500000|100%| S|CS|TAMS 0x0000000087400000, 0x0000000087400000| Complete 
| 117|0x0000000087500000, 0x0000000087600000, 0x0000000087600000|100%| S|CS|TAMS 0x0000000087500000, 0x0000000087500000| Complete 
| 118|0x0000000087600000, 0x0000000087600000, 0x0000000087700000|  0%| F|  |TAMS 0x0000000087600000, 0x0000000087600000| Untracked 
| 119|0x0000000087700000, 0x0000000087700000, 0x0000000087800000|  0%| F|  |TAMS 0x0000000087700000, 0x0000000087700000| Untracked 
| 120|0x0000000087800000, 0x0000000087800000, 0x0000000087900000|  0%| F|  |TAMS 0x0000000087800000, 0x0000000087800000| Untracked 
| 121|0x0000000087900000, 0x0000000087900000, 0x0000000087a00000|  0%| F|  |TAMS 0x0000000087900000, 0x0000000087900000| Untracked 
| 122|0x0000000087a00000, 0x0000000087a00000, 0x0000000087b00000|  0%| F|  |TAMS 0x0000000087a00000, 0x0000000087a00000| Untracked 
| 123|0x0000000087b00000, 0x0000000087b00000, 0x0000000087c00000|  0%| F|  |TAMS 0x0000000087b00000, 0x0000000087b00000| Untracked 
| 124|0x0000000087c00000, 0x0000000087c00000, 0x0000000087d00000|  0%| F|  |TAMS 0x0000000087c00000, 0x0000000087c00000| Untracked 
| 125|0x0000000087d00000, 0x0000000087d00000, 0x0000000087e00000|  0%| F|  |TAMS 0x0000000087d00000, 0x0000000087d00000| Untracked 
| 126|0x0000000087e00000, 0x0000000087f00000, 0x0000000087f00000|100%| S|CS|TAMS 0x0000000087e00000, 0x0000000087e00000| Complete 
| 127|0x0000000087f00000, 0x0000000088000000, 0x0000000088000000|100%| S|CS|TAMS 0x0000000087f00000, 0x0000000087f00000| Complete 
| 128|0x0000000088000000, 0x0000000088100000, 0x0000000088100000|100%| S|CS|TAMS 0x0000000088000000, 0x0000000088000000| Complete 
| 129|0x0000000088100000, 0x0000000088200000, 0x0000000088200000|100%| S|CS|TAMS 0x0000000088100000, 0x0000000088100000| Complete 
| 130|0x0000000088200000, 0x0000000088300000, 0x0000000088300000|100%| S|CS|TAMS 0x0000000088200000, 0x0000000088200000| Complete 
| 131|0x0000000088300000, 0x0000000088400000, 0x0000000088400000|100%| S|CS|TAMS 0x0000000088300000, 0x0000000088300000| Complete 
| 132|0x0000000088400000, 0x0000000088500000, 0x0000000088500000|100%| S|CS|TAMS 0x0000000088400000, 0x0000000088400000| Complete 
| 133|0x0000000088500000, 0x0000000088600000, 0x0000000088600000|100%| S|CS|TAMS 0x0000000088500000, 0x0000000088500000| Complete 
| 134|0x0000000088600000, 0x0000000088700000, 0x0000000088700000|100%| S|CS|TAMS 0x0000000088600000, 0x0000000088600000| Complete 
| 135|0x0000000088700000, 0x0000000088800000, 0x0000000088800000|100%| S|CS|TAMS 0x0000000088700000, 0x0000000088700000| Complete 
| 136|0x0000000088800000, 0x0000000088800000, 0x0000000088900000|  0%| F|  |TAMS 0x0000000088800000, 0x0000000088800000| Untracked 
| 137|0x0000000088900000, 0x0000000088900000, 0x0000000088a00000|  0%| F|  |TAMS 0x0000000088900000, 0x0000000088900000| Untracked 
| 138|0x0000000088a00000, 0x0000000088a00000, 0x0000000088b00000|  0%| F|  |TAMS 0x0000000088a00000, 0x0000000088a00000| Untracked 
| 139|0x0000000088b00000, 0x0000000088b00000, 0x0000000088c00000|  0%| F|  |TAMS 0x0000000088b00000, 0x0000000088b00000| Untracked 
| 140|0x0000000088c00000, 0x0000000088c00000, 0x0000000088d00000|  0%| F|  |TAMS 0x0000000088c00000, 0x0000000088c00000| Untracked 
| 141|0x0000000088d00000, 0x0000000088d00000, 0x0000000088e00000|  0%| F|  |TAMS 0x0000000088d00000, 0x0000000088d00000| Untracked 
| 142|0x0000000088e00000, 0x0000000088e00000, 0x0000000088f00000|  0%| F|  |TAMS 0x0000000088e00000, 0x0000000088e00000| Untracked 
| 143|0x0000000088f00000, 0x0000000088f00000, 0x0000000089000000|  0%| F|  |TAMS 0x0000000088f00000, 0x0000000088f00000| Untracked 
| 144|0x0000000089000000, 0x0000000089000000, 0x0000000089100000|  0%| F|  |TAMS 0x0000000089000000, 0x0000000089000000| Untracked 
| 145|0x0000000089100000, 0x0000000089100000, 0x0000000089200000|  0%| F|  |TAMS 0x0000000089100000, 0x0000000089100000| Untracked 
| 146|0x0000000089200000, 0x0000000089200000, 0x0000000089300000|  0%| F|  |TAMS 0x0000000089200000, 0x0000000089200000| Untracked 
| 147|0x0000000089300000, 0x0000000089300000, 0x0000000089400000|  0%| F|  |TAMS 0x0000000089300000, 0x0000000089300000| Untracked 
| 148|0x0000000089400000, 0x0000000089400000, 0x0000000089500000|  0%| F|  |TAMS 0x0000000089400000, 0x0000000089400000| Untracked 
| 149|0x0000000089500000, 0x0000000089500000, 0x0000000089600000|  0%| F|  |TAMS 0x0000000089500000, 0x0000000089500000| Untracked 
| 150|0x0000000089600000, 0x0000000089600000, 0x0000000089700000|  0%| F|  |TAMS 0x0000000089600000, 0x0000000089600000| Untracked 
| 151|0x0000000089700000, 0x0000000089700000, 0x0000000089800000|  0%| F|  |TAMS 0x0000000089700000, 0x0000000089700000| Untracked 
| 152|0x0000000089800000, 0x0000000089800000, 0x0000000089900000|  0%| F|  |TAMS 0x0000000089800000, 0x0000000089800000| Untracked 
| 153|0x0000000089900000, 0x0000000089900000, 0x0000000089a00000|  0%| F|  |TAMS 0x0000000089900000, 0x0000000089900000| Untracked 
| 154|0x0000000089a00000, 0x0000000089a00000, 0x0000000089b00000|  0%| F|  |TAMS 0x0000000089a00000, 0x0000000089a00000| Untracked 
| 155|0x0000000089b00000, 0x0000000089b00000, 0x0000000089c00000|  0%| F|  |TAMS 0x0000000089b00000, 0x0000000089b00000| Untracked 
| 156|0x0000000089c00000, 0x0000000089c00000, 0x0000000089d00000|  0%| F|  |TAMS 0x0000000089c00000, 0x0000000089c00000| Untracked 
| 157|0x0000000089d00000, 0x0000000089d00000, 0x0000000089e00000|  0%| F|  |TAMS 0x0000000089d00000, 0x0000000089d00000| Untracked 
| 158|0x0000000089e00000, 0x0000000089e00000, 0x0000000089f00000|  0%| F|  |TAMS 0x0000000089e00000, 0x0000000089e00000| Untracked 
| 159|0x0000000089f00000, 0x0000000089f00000, 0x000000008a000000|  0%| F|  |TAMS 0x0000000089f00000, 0x0000000089f00000| Untracked 
| 160|0x000000008a000000, 0x000000008a000000, 0x000000008a100000|  0%| F|  |TAMS 0x000000008a000000, 0x000000008a000000| Untracked 
| 161|0x000000008a100000, 0x000000008a100000, 0x000000008a200000|  0%| F|  |TAMS 0x000000008a100000, 0x000000008a100000| Untracked 
| 162|0x000000008a200000, 0x000000008a200000, 0x000000008a300000|  0%| F|  |TAMS 0x000000008a200000, 0x000000008a200000| Untracked 
| 163|0x000000008a300000, 0x000000008a300000, 0x000000008a400000|  0%| F|  |TAMS 0x000000008a300000, 0x000000008a300000| Untracked 
| 164|0x000000008a400000, 0x000000008a400000, 0x000000008a500000|  0%| F|  |TAMS 0x000000008a400000, 0x000000008a400000| Untracked 
| 165|0x000000008a500000, 0x000000008a500000, 0x000000008a600000|  0%| F|  |TAMS 0x000000008a500000, 0x000000008a500000| Untracked 
| 166|0x000000008a600000, 0x000000008a600000, 0x000000008a700000|  0%| F|  |TAMS 0x000000008a600000, 0x000000008a600000| Untracked 
| 167|0x000000008a700000, 0x000000008a700000, 0x000000008a800000|  0%| F|  |TAMS 0x000000008a700000, 0x000000008a700000| Untracked 
| 168|0x000000008a800000, 0x000000008a800000, 0x000000008a900000|  0%| F|  |TAMS 0x000000008a800000, 0x000000008a800000| Untracked 
| 169|0x000000008a900000, 0x000000008a900000, 0x000000008aa00000|  0%| F|  |TAMS 0x000000008a900000, 0x000000008a900000| Untracked 
| 170|0x000000008aa00000, 0x000000008aa00000, 0x000000008ab00000|  0%| F|  |TAMS 0x000000008aa00000, 0x000000008aa00000| Untracked 
| 171|0x000000008ab00000, 0x000000008ab00000, 0x000000008ac00000|  0%| F|  |TAMS 0x000000008ab00000, 0x000000008ab00000| Untracked 
| 172|0x000000008ac00000, 0x000000008ac00000, 0x000000008ad00000|  0%| F|  |TAMS 0x000000008ac00000, 0x000000008ac00000| Untracked 
| 173|0x000000008ad00000, 0x000000008ad00000, 0x000000008ae00000|  0%| F|  |TAMS 0x000000008ad00000, 0x000000008ad00000| Untracked 
| 174|0x000000008ae00000, 0x000000008ae00000, 0x000000008af00000|  0%| F|  |TAMS 0x000000008ae00000, 0x000000008ae00000| Untracked 
| 175|0x000000008af00000, 0x000000008af00000, 0x000000008b000000|  0%| F|  |TAMS 0x000000008af00000, 0x000000008af00000| Untracked 
| 176|0x000000008b000000, 0x000000008b000000, 0x000000008b100000|  0%| F|  |TAMS 0x000000008b000000, 0x000000008b000000| Untracked 
| 177|0x000000008b100000, 0x000000008b100000, 0x000000008b200000|  0%| F|  |TAMS 0x000000008b100000, 0x000000008b100000| Untracked 
| 178|0x000000008b200000, 0x000000008b200000, 0x000000008b300000|  0%| F|  |TAMS 0x000000008b200000, 0x000000008b200000| Untracked 
| 179|0x000000008b300000, 0x000000008b300000, 0x000000008b400000|  0%| F|  |TAMS 0x000000008b300000, 0x000000008b300000| Untracked 
| 180|0x000000008b400000, 0x000000008b400000, 0x000000008b500000|  0%| F|  |TAMS 0x000000008b400000, 0x000000008b400000| Untracked 
| 181|0x000000008b500000, 0x000000008b500000, 0x000000008b600000|  0%| F|  |TAMS 0x000000008b500000, 0x000000008b500000| Untracked 
| 182|0x000000008b600000, 0x000000008b600000, 0x000000008b700000|  0%| F|  |TAMS 0x000000008b600000, 0x000000008b600000| Untracked 
| 183|0x000000008b700000, 0x000000008b700000, 0x000000008b800000|  0%| F|  |TAMS 0x000000008b700000, 0x000000008b700000| Untracked 
| 184|0x000000008b800000, 0x000000008b800000, 0x000000008b900000|  0%| F|  |TAMS 0x000000008b800000, 0x000000008b800000| Untracked 
| 185|0x000000008b900000, 0x000000008b900000, 0x000000008ba00000|  0%| F|  |TAMS 0x000000008b900000, 0x000000008b900000| Untracked 
| 186|0x000000008ba00000, 0x000000008ba00000, 0x000000008bb00000|  0%| F|  |TAMS 0x000000008ba00000, 0x000000008ba00000| Untracked 
| 187|0x000000008bb00000, 0x000000008bb00000, 0x000000008bc00000|  0%| F|  |TAMS 0x000000008bb00000, 0x000000008bb00000| Untracked 
| 188|0x000000008bc00000, 0x000000008bc00000, 0x000000008bd00000|  0%| F|  |TAMS 0x000000008bc00000, 0x000000008bc00000| Untracked 
| 189|0x000000008bd00000, 0x000000008bd00000, 0x000000008be00000|  0%| F|  |TAMS 0x000000008bd00000, 0x000000008bd00000| Untracked 
| 190|0x000000008be00000, 0x000000008be00000, 0x000000008bf00000|  0%| F|  |TAMS 0x000000008be00000, 0x000000008be00000| Untracked 
| 191|0x000000008bf00000, 0x000000008bf00000, 0x000000008c000000|  0%| F|  |TAMS 0x000000008bf00000, 0x000000008bf00000| Untracked 
| 192|0x000000008c000000, 0x000000008c000000, 0x000000008c100000|  0%| F|  |TAMS 0x000000008c000000, 0x000000008c000000| Untracked 
| 193|0x000000008c100000, 0x000000008c100000, 0x000000008c200000|  0%| F|  |TAMS 0x000000008c100000, 0x000000008c100000| Untracked 
| 194|0x000000008c200000, 0x000000008c200000, 0x000000008c300000|  0%| F|  |TAMS 0x000000008c200000, 0x000000008c200000| Untracked 
| 195|0x000000008c300000, 0x000000008c300000, 0x000000008c400000|  0%| F|  |TAMS 0x000000008c300000, 0x000000008c300000| Untracked 
| 196|0x000000008c400000, 0x000000008c400000, 0x000000008c500000|  0%| F|  |TAMS 0x000000008c400000, 0x000000008c400000| Untracked 
| 197|0x000000008c500000, 0x000000008c500000, 0x000000008c600000|  0%| F|  |TAMS 0x000000008c500000, 0x000000008c500000| Untracked 
| 198|0x000000008c600000, 0x000000008c600000, 0x000000008c700000|  0%| F|  |TAMS 0x000000008c600000, 0x000000008c600000| Untracked 
| 199|0x000000008c700000, 0x000000008c700000, 0x000000008c800000|  0%| F|  |TAMS 0x000000008c700000, 0x000000008c700000| Untracked 
| 200|0x000000008c800000, 0x000000008c800000, 0x000000008c900000|  0%| F|  |TAMS 0x000000008c800000, 0x000000008c800000| Untracked 
| 201|0x000000008c900000, 0x000000008c900000, 0x000000008ca00000|  0%| F|  |TAMS 0x000000008c900000, 0x000000008c900000| Untracked 
| 202|0x000000008ca00000, 0x000000008ca00000, 0x000000008cb00000|  0%| F|  |TAMS 0x000000008ca00000, 0x000000008ca00000| Untracked 
| 203|0x000000008cb00000, 0x000000008cb00000, 0x000000008cc00000|  0%| F|  |TAMS 0x000000008cb00000, 0x000000008cb00000| Untracked 
| 204|0x000000008cc00000, 0x000000008cc00000, 0x000000008cd00000|  0%| F|  |TAMS 0x000000008cc00000, 0x000000008cc00000| Untracked 
| 205|0x000000008cd00000, 0x000000008cd00000, 0x000000008ce00000|  0%| F|  |TAMS 0x000000008cd00000, 0x000000008cd00000| Untracked 
| 206|0x000000008ce00000, 0x000000008ce00000, 0x000000008cf00000|  0%| F|  |TAMS 0x000000008ce00000, 0x000000008ce00000| Untracked 
| 207|0x000000008cf00000, 0x000000008cf00000, 0x000000008d000000|  0%| F|  |TAMS 0x000000008cf00000, 0x000000008cf00000| Untracked 
| 208|0x000000008d000000, 0x000000008d000000, 0x000000008d100000|  0%| F|  |TAMS 0x000000008d000000, 0x000000008d000000| Untracked 
| 209|0x000000008d100000, 0x000000008d100000, 0x000000008d200000|  0%| F|  |TAMS 0x000000008d100000, 0x000000008d100000| Untracked 
| 210|0x000000008d200000, 0x000000008d200000, 0x000000008d300000|  0%| F|  |TAMS 0x000000008d200000, 0x000000008d200000| Untracked 
| 211|0x000000008d300000, 0x000000008d300000, 0x000000008d400000|  0%| F|  |TAMS 0x000000008d300000, 0x000000008d300000| Untracked 
| 212|0x000000008d400000, 0x000000008d400000, 0x000000008d500000|  0%| F|  |TAMS 0x000000008d400000, 0x000000008d400000| Untracked 
| 213|0x000000008d500000, 0x000000008d500000, 0x000000008d600000|  0%| F|  |TAMS 0x000000008d500000, 0x000000008d500000| Untracked 
| 214|0x000000008d600000, 0x000000008d600000, 0x000000008d700000|  0%| F|  |TAMS 0x000000008d600000, 0x000000008d600000| Untracked 
| 215|0x000000008d700000, 0x000000008d700000, 0x000000008d800000|  0%| F|  |TAMS 0x000000008d700000, 0x000000008d700000| Untracked 
| 216|0x000000008d800000, 0x000000008d800000, 0x000000008d900000|  0%| F|  |TAMS 0x000000008d800000, 0x000000008d800000| Untracked 
| 217|0x000000008d900000, 0x000000008d900000, 0x000000008da00000|  0%| F|  |TAMS 0x000000008d900000, 0x000000008d900000| Untracked 
| 218|0x000000008da00000, 0x000000008da00000, 0x000000008db00000|  0%| F|  |TAMS 0x000000008da00000, 0x000000008da00000| Untracked 
| 219|0x000000008db00000, 0x000000008db00000, 0x000000008dc00000|  0%| F|  |TAMS 0x000000008db00000, 0x000000008db00000| Untracked 
| 220|0x000000008dc00000, 0x000000008dc00000, 0x000000008dd00000|  0%| F|  |TAMS 0x000000008dc00000, 0x000000008dc00000| Untracked 
| 221|0x000000008dd00000, 0x000000008dd00000, 0x000000008de00000|  0%| F|  |TAMS 0x000000008dd00000, 0x000000008dd00000| Untracked 
| 222|0x000000008de00000, 0x000000008de00000, 0x000000008df00000|  0%| F|  |TAMS 0x000000008de00000, 0x000000008de00000| Untracked 
| 223|0x000000008df00000, 0x000000008df00000, 0x000000008e000000|  0%| F|  |TAMS 0x000000008df00000, 0x000000008df00000| Untracked 
| 224|0x000000008e000000, 0x000000008e000000, 0x000000008e100000|  0%| F|  |TAMS 0x000000008e000000, 0x000000008e000000| Untracked 
| 225|0x000000008e100000, 0x000000008e100000, 0x000000008e200000|  0%| F|  |TAMS 0x000000008e100000, 0x000000008e100000| Untracked 
| 226|0x000000008e200000, 0x000000008e200000, 0x000000008e300000|  0%| F|  |TAMS 0x000000008e200000, 0x000000008e200000| Untracked 
| 227|0x000000008e300000, 0x000000008e300000, 0x000000008e400000|  0%| F|  |TAMS 0x000000008e300000, 0x000000008e300000| Untracked 
| 228|0x000000008e400000, 0x000000008e400000, 0x000000008e500000|  0%| F|  |TAMS 0x000000008e400000, 0x000000008e400000| Untracked 
| 229|0x000000008e500000, 0x000000008e500000, 0x000000008e600000|  0%| F|  |TAMS 0x000000008e500000, 0x000000008e500000| Untracked 
| 230|0x000000008e600000, 0x000000008e600000, 0x000000008e700000|  0%| F|  |TAMS 0x000000008e600000, 0x000000008e600000| Untracked 
| 231|0x000000008e700000, 0x000000008e700000, 0x000000008e800000|  0%| F|  |TAMS 0x000000008e700000, 0x000000008e700000| Untracked 
| 232|0x000000008e800000, 0x000000008e800000, 0x000000008e900000|  0%| F|  |TAMS 0x000000008e800000, 0x000000008e800000| Untracked 
| 233|0x000000008e900000, 0x000000008e940bd0, 0x000000008ea00000| 25%| E|  |TAMS 0x000000008e900000, 0x000000008e900000| Complete 
| 234|0x000000008ea00000, 0x000000008eb00000, 0x000000008eb00000|100%| E|CS|TAMS 0x000000008ea00000, 0x000000008ea00000| Complete 
| 235|0x000000008eb00000, 0x000000008ec00000, 0x000000008ec00000|100%| E|CS|TAMS 0x000000008eb00000, 0x000000008eb00000| Complete 
| 236|0x000000008ec00000, 0x000000008ed00000, 0x000000008ed00000|100%| E|  |TAMS 0x000000008ec00000, 0x000000008ec00000| Complete 
| 237|0x000000008ed00000, 0x000000008ee00000, 0x000000008ee00000|100%| E|CS|TAMS 0x000000008ed00000, 0x000000008ed00000| Complete 
| 238|0x000000008ee00000, 0x000000008ef00000, 0x000000008ef00000|100%| E|CS|TAMS 0x000000008ee00000, 0x000000008ee00000| Complete 
| 239|0x000000008ef00000, 0x000000008f000000, 0x000000008f000000|100%| E|CS|TAMS 0x000000008ef00000, 0x000000008ef00000| Complete 
| 240|0x000000008f000000, 0x000000008f100000, 0x000000008f100000|100%| E|CS|TAMS 0x000000008f000000, 0x000000008f000000| Complete 
| 241|0x000000008f100000, 0x000000008f200000, 0x000000008f200000|100%| E|CS|TAMS 0x000000008f100000, 0x000000008f100000| Complete 
| 242|0x000000008f200000, 0x000000008f300000, 0x000000008f300000|100%| E|CS|TAMS 0x000000008f200000, 0x000000008f200000| Complete 
| 243|0x000000008f300000, 0x000000008f400000, 0x000000008f400000|100%| E|CS|TAMS 0x000000008f300000, 0x000000008f300000| Complete 
| 244|0x000000008f400000, 0x000000008f500000, 0x000000008f500000|100%| E|CS|TAMS 0x000000008f400000, 0x000000008f400000| Complete 
| 245|0x000000008f500000, 0x000000008f600000, 0x000000008f600000|100%| E|CS|TAMS 0x000000008f500000, 0x000000008f500000| Complete 
| 246|0x000000008f600000, 0x000000008f700000, 0x000000008f700000|100%| E|CS|TAMS 0x000000008f600000, 0x000000008f600000| Complete 
| 247|0x000000008f700000, 0x000000008f800000, 0x000000008f800000|100%| E|CS|TAMS 0x000000008f700000, 0x000000008f700000| Complete 
| 248|0x000000008f800000, 0x000000008f900000, 0x000000008f900000|100%| E|CS|TAMS 0x000000008f800000, 0x000000008f800000| Complete 
| 249|0x000000008f900000, 0x000000008fa00000, 0x000000008fa00000|100%| E|CS|TAMS 0x000000008f900000, 0x000000008f900000| Complete 
| 250|0x000000008fa00000, 0x000000008fb00000, 0x000000008fb00000|100%| E|CS|TAMS 0x000000008fa00000, 0x000000008fa00000| Complete 
| 251|0x000000008fb00000, 0x000000008fc00000, 0x000000008fc00000|100%| E|CS|TAMS 0x000000008fb00000, 0x000000008fb00000| Complete 
| 252|0x000000008fc00000, 0x000000008fd00000, 0x000000008fd00000|100%| E|CS|TAMS 0x000000008fc00000, 0x000000008fc00000| Complete 
| 253|0x000000008fd00000, 0x000000008fe00000, 0x000000008fe00000|100%| E|CS|TAMS 0x000000008fd00000, 0x000000008fd00000| Complete 
| 254|0x000000008fe00000, 0x000000008ff00000, 0x000000008ff00000|100%| E|CS|TAMS 0x000000008fe00000, 0x000000008fe00000| Complete 
| 255|0x000000008ff00000, 0x0000000090000000, 0x0000000090000000|100%| E|CS|TAMS 0x000000008ff00000, 0x000000008ff00000| Complete 

Card table byte_map: [0x0000017bfb040000,0x0000017bfb440000] _byte_map_base: 0x0000017bfac40000

Marking Bits (Prev, Next): (CMBitMap*) 0x0000017bf71708d0, (CMBitMap*) 0x0000017bf7170898
 Prev Bits: [0x0000017bfd840000, 0x0000017bff840000)
 Next Bits: [0x0000017bfb840000, 0x0000017bfd840000)

Polling page: 0x0000017bf4f50000

Metaspace:

Usage:
  Non-class:     80.27 MB capacity,    78.99 MB ( 98%) used,     1.03 MB (  1%) free+waste,   254.75 KB ( <1%) overhead. 
      Class:     12.34 MB capacity,    11.50 MB ( 93%) used,   743.36 KB (  6%) free+waste,   114.81 KB ( <1%) overhead. 
       Both:     92.61 MB capacity,    90.49 MB ( 98%) used,     1.75 MB (  2%) free+waste,   369.56 KB ( <1%) overhead. 

Virtual space:
  Non-class space:       82.00 MB reserved,      80.33 MB ( 98%) committed 
      Class space:        1.00 GB reserved,      12.38 MB (  1%) committed 
             Both:        1.08 GB reserved,      92.70 MB (  8%) committed 

Chunk freelists:
   Non-Class:  0 bytes
       Class:  1.00 KB
        Both:  1.00 KB

MaxMetaspaceSize: 17179869184.00 GB
CompressedClassSpaceSize: 1.00 GB
Initial GC threshold: 20.80 MB
Current GC threshold: 98.46 MB
CDS: off

CodeHeap 'non-profiled nmethods': size=120064Kb used=7497Kb max_used=7497Kb free=112566Kb
 bounds [0x0000017b87ac0000, 0x0000017b88220000, 0x0000017b8f000000]
CodeHeap 'profiled nmethods': size=120000Kb used=24469Kb max_used=24469Kb free=95530Kb
 bounds [0x0000017b80590000, 0x0000017b81d80000, 0x0000017b87ac0000]
CodeHeap 'non-nmethods': size=5696Kb used=2374Kb max_used=2429Kb free=3321Kb
 bounds [0x0000017b80000000, 0x0000017b80270000, 0x0000017b80590000]
 total_blobs=11870 nmethods=10972 adapters=810
 compilation: enabled
              stopped_count=0, restarted_count=0
 full_count=0

Compilation events (20 events):
Event: 27.628 Thread 0x0000017b918b1800 nmethod 10992 0x0000017b88207d90 code [0x0000017b88207fe0, 0x0000017b882092f8]
Event: 27.628 Thread 0x0000017b918b2800 11021       3       java.lang.StringUTF16::lastIndexOf (47 bytes)
Event: 27.629 Thread 0x0000017b918b1800 11018       4       com.android.utils.XmlUtils::toXmlAttributeValue (89 bytes)
Event: 27.629 Thread 0x0000017b918b2800 nmethod 11021 0x0000017b81d54510 code [0x0000017b81d546e0, 0x0000017b81d549e8]
Event: 27.629 Thread 0x0000017b918b2800 11022 %     3       com.android.utils.XmlUtils::append @ 480 (645 bytes)
Event: 27.632 Thread 0x0000017b918b2800 nmethod 11022% 0x0000017b81d54b10 code [0x0000017b81d55360, 0x0000017b81d59928]
Event: 27.633 Thread 0x0000017b918b2800 11024       3       com.android.utils.XmlUtils::append (645 bytes)
Event: 27.636 Thread 0x0000017b918b2800 nmethod 11024 0x0000017b81d5b190 code [0x0000017b81d5b9c0, 0x0000017b81d5fc48]
Event: 27.636 Thread 0x0000017b918b2800 11025       3       com.google.common.base.CharMatcher::countIn (39 bytes)
Event: 27.636 Thread 0x0000017b918b1800 nmethod 11018 0x0000017b8820a310 code [0x0000017b8820a4e0, 0x0000017b8820ab58]
Event: 27.637 Thread 0x0000017b918b1800 11023       4       com.android.utils.XmlUtils::toXmlTextValue (65 bytes)
Event: 27.637 Thread 0x0000017b918b2800 nmethod 11025 0x0000017b81d61310 code [0x0000017b81d61500, 0x0000017b81d61968]
Event: 27.639 Thread 0x0000017b918b2800 11027       3       com.android.utils.XmlUtils::toXmlAttributeValue (89 bytes)
Event: 27.640 Thread 0x0000017b918b2800 nmethod 11027 0x0000017b81d61a90 code [0x0000017b81d61d80, 0x0000017b81d62e18]
Event: 27.641 Thread 0x0000017b918b1800 nmethod 11023 0x0000017b8820ae90 code [0x0000017b8820b020, 0x0000017b8820b338]
Event: 27.641 Thread 0x0000017b918b1800 10984       4       com.android.ide.common.resources.NodeUtils::updateNamespace (161 bytes)
Event: 27.665 Thread 0x0000017b91df8800 nmethod 10986 0x0000017b8820b490 code [0x0000017b8820b780, 0x0000017b8820f250]
Event: 27.665 Thread 0x0000017b91df8800 11031       4       com.android.utils.XmlUtils::toXmlAttributeValue (89 bytes)
Event: 27.673 Thread 0x0000017b91df8800 nmethod 11031 0x0000017b88210d90 code [0x0000017b88210f60, 0x0000017b88211598]
Event: 27.673 Thread 0x0000017b91df8800 11032       4       com.android.utils.XmlUtils::append (645 bytes)

GC Heap History (20 events):
Event: 4.863 GC heap before
{Heap before GC invocations=3 (full 0):
 garbage-first heap   total 262144K, used 54155K [0x0000000080000000, 0x0000000100000000)
  region size 1024K, 45 young (46080K), 4 survivors (4096K)
 Metaspace       used 17374K, capacity 17793K, committed 18048K, reserved 1064960K
  class space    used 1997K, capacity 2147K, committed 2176K, reserved 1048576K
}
Event: 4.867 GC heap after
{Heap after GC invocations=4 (full 0):
 garbage-first heap   total 262144K, used 15795K [0x0000000080000000, 0x0000000100000000)
  region size 1024K, 6 young (6144K), 6 survivors (6144K)
 Metaspace       used 17374K, capacity 17793K, committed 18048K, reserved 1064960K
  class space    used 1997K, capacity 2147K, committed 2176K, reserved 1048576K
}
Event: 5.350 GC heap before
{Heap before GC invocations=4 (full 0):
 garbage-first heap   total 262144K, used 48563K [0x0000000080000000, 0x0000000100000000)
  region size 1024K, 39 young (39936K), 6 survivors (6144K)
 Metaspace       used 20759K, capacity 21152K, committed 21296K, reserved 1069056K
  class space    used 2518K, capacity 2649K, committed 2688K, reserved 1048576K
}
Event: 5.356 GC heap after
{Heap after GC invocations=5 (full 0):
 garbage-first heap   total 262144K, used 17913K [0x0000000080000000, 0x0000000100000000)
  region size 1024K, 2 young (2048K), 2 survivors (2048K)
 Metaspace       used 20759K, capacity 21152K, committed 21296K, reserved 1069056K
  class space    used 2518K, capacity 2649K, committed 2688K, reserved 1048576K
}
Event: 6.143 GC heap before
{Heap before GC invocations=6 (full 0):
 garbage-first heap   total 262144K, used 79353K [0x0000000080000000, 0x0000000100000000)
  region size 1024K, 62 young (63488K), 2 survivors (2048K)
 Metaspace       used 26992K, capacity 27643K, committed 27824K, reserved 1073152K
  class space    used 3490K, capacity 3738K, committed 3840K, reserved 1048576K
}
Event: 6.148 GC heap after
{Heap after GC invocations=7 (full 0):
 garbage-first heap   total 262144K, used 19833K [0x0000000080000000, 0x0000000100000000)
  region size 1024K, 4 young (4096K), 4 survivors (4096K)
 Metaspace       used 26992K, capacity 27643K, committed 27824K, reserved 1073152K
  class space    used 3490K, capacity 3738K, committed 3840K, reserved 1048576K
}
Event: 7.064 GC heap before
{Heap before GC invocations=7 (full 0):
 garbage-first heap   total 262144K, used 74105K [0x0000000080000000, 0x0000000100000000)
  region size 1024K, 58 young (59392K), 4 survivors (4096K)
 Metaspace       used 35009K, capacity 35762K, committed 35920K, reserved 1081344K
  class space    used 4489K, capacity 4788K, committed 4864K, reserved 1048576K
}
Event: 7.071 GC heap after
{Heap after GC invocations=8 (full 0):
 garbage-first heap   total 262144K, used 22886K [0x0000000080000000, 0x0000000100000000)
  region size 1024K, 7 young (7168K), 7 survivors (7168K)
 Metaspace       used 35009K, capacity 35762K, committed 35920K, reserved 1081344K
  class space    used 4489K, capacity 4788K, committed 4864K, reserved 1048576K
}
Event: 9.150 GC heap before
{Heap before GC invocations=9 (full 0):
 garbage-first heap   total 262144K, used 169318K [0x0000000080000000, 0x0000000100000000)
  region size 1024K, 147 young (150528K), 7 survivors (7168K)
 Metaspace       used 46717K, capacity 47839K, committed 47952K, reserved 1091584K
  class space    used 5923K, capacity 6369K, committed 6400K, reserved 1048576K
}
Event: 9.162 GC heap after
{Heap after GC invocations=10 (full 0):
 garbage-first heap   total 262144K, used 31238K [0x0000000080000000, 0x0000000100000000)
  region size 1024K, 15 young (15360K), 15 survivors (15360K)
 Metaspace       used 46717K, capacity 47839K, committed 47952K, reserved 1091584K
  class space    used 5923K, capacity 6369K, committed 6400K, reserved 1048576K
}
Event: 16.606 GC heap before
{Heap before GC invocations=10 (full 0):
 garbage-first heap   total 262144K, used 179718K [0x0000000080000000, 0x0000000100000000)
  region size 1024K, 152 young (155648K), 15 survivors (15360K)
 Metaspace       used 58774K, capacity 60177K, committed 60240K, reserved 1101824K
  class space    used 7337K, capacity 7879K, committed 7936K, reserved 1048576K
}
Event: 16.633 GC heap after
{Heap after GC invocations=11 (full 0):
 garbage-first heap   total 262144K, used 51746K [0x0000000080000000, 0x0000000100000000)
  region size 1024K, 20 young (20480K), 20 survivors (20480K)
 Metaspace       used 58774K, capacity 60177K, committed 60240K, reserved 1101824K
  class space    used 7337K, capacity 7879K, committed 7936K, reserved 1048576K
}
Event: 19.047 GC heap before
{Heap before GC invocations=12 (full 0):
 garbage-first heap   total 262144K, used 195106K [0x0000000080000000, 0x0000000100000000)
  region size 1024K, 153 young (156672K), 20 survivors (20480K)
 Metaspace       used 69289K, capacity 70835K, committed 71120K, reserved 1112064K
  class space    used 8661K, capacity 9278K, committed 9344K, reserved 1048576K
}
Event: 19.066 GC heap after
{Heap after GC invocations=13 (full 0):
 garbage-first heap   total 262144K, used 61794K [0x0000000080000000, 0x0000000100000000)
  region size 1024K, 11 young (11264K), 11 survivors (11264K)
 Metaspace       used 69289K, capacity 70835K, committed 71120K, reserved 1112064K
  class space    used 8661K, capacity 9278K, committed 9344K, reserved 1048576K
}
Event: 21.264 GC heap before
{Heap before GC invocations=13 (full 0):
 garbage-first heap   total 262144K, used 199010K [0x0000000080000000, 0x0000000100000000)
  region size 1024K, 145 young (148480K), 11 survivors (11264K)
 Metaspace       used 77057K, capacity 78696K, committed 78928K, reserved 1118208K
  class space    used 9835K, capacity 10478K, committed 10496K, reserved 1048576K
}
Event: 21.277 GC heap after
{Heap after GC invocations=14 (full 0):
 garbage-first heap   total 262144K, used 70656K [0x0000000080000000, 0x0000000100000000)
  region size 1024K, 9 young (9216K), 9 survivors (9216K)
 Metaspace       used 77057K, capacity 78696K, committed 78928K, reserved 1118208K
  class space    used 9835K, capacity 10478K, committed 10496K, reserved 1048576K
}
Event: 23.605 GC heap before
{Heap before GC invocations=14 (full 0):
 garbage-first heap   total 262144K, used 202752K [0x0000000080000000, 0x0000000100000000)
  region size 1024K, 139 young (142336K), 9 survivors (9216K)
 Metaspace       used 89082K, capacity 91113K, committed 91216K, reserved 1128448K
  class space    used 11443K, capacity 12205K, committed 12288K, reserved 1048576K
}
Event: 23.620 GC heap after
{Heap after GC invocations=15 (full 0):
 garbage-first heap   total 262144K, used 82432K [0x0000000080000000, 0x0000000100000000)
  region size 1024K, 18 young (18432K), 18 survivors (18432K)
 Metaspace       used 89082K, capacity 91113K, committed 91216K, reserved 1128448K
  class space    used 11443K, capacity 12205K, committed 12288K, reserved 1048576K
}
Event: 26.497 GC heap before
{Heap before GC invocations=15 (full 0):
 garbage-first heap   total 262144K, used 206336K [0x0000000080000000, 0x0000000100000000)
  region size 1024K, 138 young (141312K), 18 survivors (18432K)
 Metaspace       used 91985K, capacity 94133K, committed 94416K, reserved 1130496K
  class space    used 11717K, capacity 12561K, committed 12672K, reserved 1048576K
}
Event: 26.530 GC heap after
{Heap after GC invocations=16 (full 0):
 garbage-first heap   total 262144K, used 105472K [0x0000000080000000, 0x0000000100000000)
  region size 1024K, 18 young (18432K), 18 survivors (18432K)
 Metaspace       used 91985K, capacity 94133K, committed 94416K, reserved 1130496K
  class space    used 11717K, capacity 12561K, committed 12672K, reserved 1048576K
}

Deoptimization events (20 events):
Event: 27.587 Thread 0x0000017b955d0800 Uncommon trap: trap_request=0xffffff7e fr.pc=0x0000017b881a2144 relative=0x0000000000000404
Event: 27.588 Thread 0x0000017b955d0800 Uncommon trap: reason=predicate action=maybe_recompile pc=0x0000017b881a2144 method=org.apache.xerces.dom.NamedNodeMapImpl.findNamePoint(Ljava/lang/String;Ljava/lang/String;)I @ 126 c2
Event: 27.588 Thread 0x0000017b955d0800 DEOPT PACKING pc=0x0000017b881a2144 sp=0x000000111c8f9200
Event: 27.588 Thread 0x0000017b955d0800 DEOPT UNPACKING pc=0x0000017b8004a1af sp=0x000000111c8f91a0 mode 2
Event: 27.620 Thread 0x0000017b955d0800 DEOPT PACKING pc=0x0000017b81d47778 sp=0x000000111c8f8db0
Event: 27.620 Thread 0x0000017b955d0800 DEOPT UNPACKING pc=0x0000017b8004a95e sp=0x000000111c8f82e0 mode 0
Event: 27.620 Thread 0x0000017b955d0800 DEOPT PACKING pc=0x0000017b81d47778 sp=0x000000111c8f8c00
Event: 27.620 Thread 0x0000017b955d0800 DEOPT UNPACKING pc=0x0000017b8004a95e sp=0x000000111c8f8130 mode 0
Event: 27.623 Thread 0x0000017b955d0800 DEOPT PACKING pc=0x0000017b81d4cdd0 sp=0x000000111c8f8a50
Event: 27.623 Thread 0x0000017b955d0800 DEOPT UNPACKING pc=0x0000017b8004a95e sp=0x000000111c8f7f80 mode 0
Event: 27.629 Thread 0x0000017b955d0800 DEOPT PACKING pc=0x0000017b81d4f0de sp=0x000000111c8f8a30
Event: 27.629 Thread 0x0000017b955d0800 DEOPT UNPACKING pc=0x0000017b8004a95e sp=0x000000111c8f7ec8 mode 0
Event: 27.639 Thread 0x0000017b955d0800 Uncommon trap: trap_request=0xffffff4d fr.pc=0x0000017b8820a9fc relative=0x000000000000051c
Event: 27.639 Thread 0x0000017b955d0800 Uncommon trap: reason=unstable_if action=reinterpret pc=0x0000017b8820a9fc method=com.android.utils.XmlUtils.toXmlAttributeValue(Ljava/lang/String;)Ljava/lang/String; @ 27 c2
Event: 27.639 Thread 0x0000017b955d0800 DEOPT PACKING pc=0x0000017b8820a9fc sp=0x000000111c8f8c90
Event: 27.639 Thread 0x0000017b955d0800 DEOPT UNPACKING pc=0x0000017b8004a1af sp=0x000000111c8f8c30 mode 2
Event: 27.681 Thread 0x0000017b955d0800 Uncommon trap: trap_request=0xffffff4d fr.pc=0x0000017b87ad5018 relative=0x0000000000000258
Event: 27.681 Thread 0x0000017b955d0800 Uncommon trap: reason=unstable_if action=reinterpret pc=0x0000017b87ad5018 method=java.lang.String.getChars(II[CI)V @ 23 c2
Event: 27.682 Thread 0x0000017b955d0800 DEOPT PACKING pc=0x0000017b87ad5018 sp=0x000000111c8f93d0
Event: 27.682 Thread 0x0000017b955d0800 DEOPT UNPACKING pc=0x0000017b8004a1af sp=0x000000111c8f9390 mode 2

Classes redefined (0 events):
No events

Internal exceptions (20 events):
Event: 23.258 Thread 0x0000017b93d11800 Implicit null exception at 0x0000017b8807ed5b to 0x0000017b8807edec
Event: 23.330 Thread 0x0000017b93c8e000 Exception <a 'java/lang/NoSuchMethodError'{0x000000008ff938f8}: <clinit>> (0x000000008ff938f8) thrown at [./src/hotspot/share/prims/jni.cpp, line 1366]
Event: 23.331 Thread 0x0000017b93c8e000 Exception <a 'java/lang/NoSuchMethodError'{0x0000000088bc8410}: <clinit>> (0x0000000088bc8410) thrown at [./src/hotspot/share/prims/jni.cpp, line 1366]
Event: 23.344 Thread 0x0000017b955d1800 Exception <a 'java/lang/IncompatibleClassChangeError'{0x0000000088a4c3a0}: Found class java.lang.Object, but interface was expected> (0x0000000088a4c3a0) thrown at [./src/hotspot/share/interpreter/linkResolver.cpp, line 839]
Event: 23.372 Thread 0x0000017b955d1800 Implicit null exception at 0x0000017b87dacdf7 to 0x0000017b87dacf94
Event: 23.392 Thread 0x0000017b955d1800 Exception <a 'java/lang/IncompatibleClassChangeError'{0x00000000888bd130}: Found class java.lang.Object, but interface was expected> (0x00000000888bd130) thrown at [./src/hotspot/share/interpreter/linkResolver.cpp, line 839]
Event: 23.417 Thread 0x0000017b955d1800 Exception <a 'java/lang/NoSuchMethodError'{0x00000000886e7750}: 'int java.lang.invoke.DirectMethodHandle$Holder.invokeStaticInit(java.lang.Object, java.lang.Object, java.lang.Object, java.lang.Object, java.lang.Object)'> (0x00000000886e7750) thrown at [./src/hotspot/share/interpreter/linkResolver.cpp, line 773]
Event: 23.436 Thread 0x0000017b93c8e000 Exception <a 'java/lang/NoSuchMethodError'{0x0000000088466f48}: <clinit>> (0x0000000088466f48) thrown at [./src/hotspot/share/prims/jni.cpp, line 1366]
Event: 23.437 Thread 0x0000017b93c8e000 Exception <a 'java/lang/NoSuchMethodError'{0x00000000884770b0}: <clinit>> (0x00000000884770b0) thrown at [./src/hotspot/share/prims/jni.cpp, line 1366]
Event: 23.437 Thread 0x0000017b93c8e000 Exception <a 'java/lang/NoSuchMethodError'{0x0000000088478388}: <clinit>> (0x0000000088478388) thrown at [./src/hotspot/share/prims/jni.cpp, line 1366]
Event: 23.451 Thread 0x0000017b955d5800 Exception <a 'java/lang/NoSuchMethodError'{0x00000000899e43a0}: <clinit>> (0x00000000899e43a0) thrown at [./src/hotspot/share/prims/jni.cpp, line 1366]
Event: 23.454 Thread 0x0000017b955d5800 Exception <a 'java/lang/NoSuchMethodError'{0x00000000899f94a0}: <clinit>> (0x00000000899f94a0) thrown at [./src/hotspot/share/prims/jni.cpp, line 1366]
Event: 23.459 Thread 0x0000017b955d5800 Exception <a 'java/lang/NoSuchMethodError'{0x00000000882b9da8}: <clinit>> (0x00000000882b9da8) thrown at [./src/hotspot/share/prims/jni.cpp, line 1366]
Event: 23.486 Thread 0x0000017b93c8e000 Exception <a 'java/lang/NoSuchMethodError'{0x0000000088005b60}: <clinit>> (0x0000000088005b60) thrown at [./src/hotspot/share/prims/jni.cpp, line 1366]
Event: 23.503 Thread 0x0000017b955d1800 Exception <a 'java/lang/NoSuchMethodError'{0x000000008806cc08}: 'int java.lang.invoke.DirectMethodHandle$Holder.invokeSpecial(java.lang.Object, java.lang.Object, java.lang.Object, java.lang.Object, java.lang.Object)'> (0x000000008806cc08) thrown at [./src/hotspot/share/interpreter/linkResolver.cpp, line 773]
Event: 23.939 Thread 0x0000017b955d0800 Exception <a 'java/lang/NoSuchMethodError'{0x000000008f8c9c58}: 'void java.lang.invoke.DirectMethodHandle$Holder.invokeStatic(java.lang.Object, java.lang.Object, java.lang.Object, java.lang.Object, int, java.lang.Object, java.lang.Object)'> (0x000000008f8c9c58) thrown at [./src/hotspot/share/interpreter/linkResolver.cpp, line 773]
Event: 23.953 Thread 0x0000017b955d0800 Implicit null exception at 0x0000017b88089fa4 to 0x0000017b8808a158
Event: 23.955 Thread 0x0000017b955cd000 Exception <a 'java/lang/NoSuchMethodError'{0x000000008f7dc718}: 'void java.lang.invoke.DirectMethodHandle$Holder.invokeVirtual(java.lang.Object, java.lang.Object)'> (0x000000008f7dc718) thrown at [./src/hotspot/share/interpreter/linkResolver.cpp, line 773]
Event: 23.975 Thread 0x0000017b955ce000 Exception <a 'java/lang/NoSuchMethodError'{0x000000008f25dca0}: 'java.lang.Object java.lang.invoke.DirectMethodHandle$Holder.invokeSpecialIFC(java.lang.Object, java.lang.Object, java.lang.Object)'> (0x000000008f25dca0) thrown at [./src/hotspot/share/interpreter/linkResolver.cpp, line 773]
Event: 25.462 Thread 0x0000017b955d0800 Exception <a 'java/lang/NoSuchMethodError'{0x000000008ab77360}: 'void java.lang.invoke.DirectMethodHandle$Holder.invokeInterface(java.lang.Object, java.lang.Object, java.lang.Object, java.lang.Object)'> (0x000000008ab77360) thrown at [./src/hotspot/share/interpreter/linkResolver.cpp, line 773]

Events (20 events):
Event: 27.526 loading class org/gradle/internal/work/AsyncWorkTracker$ProjectLockRetention done
Event: 27.528 loading class com/android/builder/internal/aapt/v2/Aapt2RenamingConventions
Event: 27.528 loading class com/android/builder/internal/aapt/v2/Aapt2RenamingConventions done
Event: 27.528 loading class com/android/builder/internal/aapt/v2/Aapt2Exception
Event: 27.528 loading class com/android/builder/internal/aapt/v2/Aapt2Exception done
Event: 27.529 loading class com/android/ide/common/blame/MergingLogPersistUtil
Event: 27.529 loading class com/android/ide/common/blame/MergingLogPersistUtil done
Event: 27.530 loading class com/android/ide/common/blame/MergingLogPersistUtil$SourcePositionsSerializer$JsonTypeAdapter
Event: 27.530 loading class com/android/ide/common/blame/MergingLogPersistUtil$SourcePositionsSerializer$JsonTypeAdapter done
Event: 27.532 loading class com/android/ide/common/blame/SourceFileJsonTypeAdapter$1
Event: 27.532 loading class com/android/ide/common/blame/SourceFileJsonTypeAdapter$1 done
Event: 27.550 Thread 0x0000017b91df8800 Thread added: 0x0000017b91df8800
Event: 27.614 loading class com/android/utils/XmlUtils$PositionAwareStringBuilder
Event: 27.614 loading class com/android/utils/XmlUtils$PositionAwareStringBuilder done
Event: 27.679 loading class com/google/common/io/FileWriteMode
Event: 27.679 loading class com/google/common/io/FileWriteMode done
Event: 27.680 loading class com/google/common/io/CharSink
Event: 27.680 loading class com/google/common/io/CharSink done
Event: 27.680 loading class com/google/common/io/ByteSink$AsCharSink
Event: 27.680 loading class com/google/common/io/ByteSink$AsCharSink done


Dynamic libraries:
0x00007ff7e0c90000 - 0x00007ff7e0c9a000 	C:\Program Files\Android\Android Studio\jre\bin\java.exe
0x00007ffb2eb30000 - 0x00007ffb2ed28000 	C:\WINDOWS\SYSTEM32\ntdll.dll
0x00007ffb2dae0000 - 0x00007ffb2db9d000 	C:\WINDOWS\System32\KERNEL32.DLL
0x00007ffb2c6b0000 - 0x00007ffb2c97e000 	C:\WINDOWS\System32\KERNELBASE.dll
0x00007ffb29bc0000 - 0x00007ffb29c50000 	C:\WINDOWS\SYSTEM32\apphelp.dll
0x00007ffb2c5b0000 - 0x00007ffb2c6b0000 	C:\WINDOWS\System32\ucrtbase.dll
0x00007ffb056a0000 - 0x00007ffb056b9000 	C:\Program Files\Android\Android Studio\jre\bin\jli.dll
0x00007ffb2e160000 - 0x00007ffb2e300000 	C:\WINDOWS\System32\USER32.dll
0x00007ffb2c4c0000 - 0x00007ffb2c4e2000 	C:\WINDOWS\System32\win32u.dll
0x00007ffb2dc00000 - 0x00007ffb2dc2a000 	C:\WINDOWS\System32\GDI32.dll
0x00007ffb2c250000 - 0x00007ffb2c35b000 	C:\WINDOWS\System32\gdi32full.dll
0x00007ffb2c980000 - 0x00007ffb2ca1d000 	C:\WINDOWS\System32\msvcp_win.dll
0x00007ffb20240000 - 0x00007ffb204da000 	C:\WINDOWS\WinSxS\amd64_microsoft.windows.common-controls_6595b64144ccf1df_6.0.19041.1110_none_60b5254171f9507e\COMCTL32.dll
0x00007ffb2e300000 - 0x00007ffb2e39e000 	C:\WINDOWS\System32\msvcrt.dll
0x00007ffb00390000 - 0x00007ffb003a7000 	C:\Program Files\Android\Android Studio\jre\bin\VCRUNTIME140.dll
0x00007ffb2eac0000 - 0x00007ffb2eaf0000 	C:\WINDOWS\System32\IMM32.DLL
0x00007ffafbc10000 - 0x00007ffafbcad000 	C:\Program Files\Android\Android Studio\jre\bin\msvcp140.dll
0x00007ffac2030000 - 0x00007ffac2b32000 	C:\Program Files\Android\Android Studio\jre\bin\server\jvm.dll
0x00007ffb2e490000 - 0x00007ffb2e53e000 	C:\WINDOWS\System32\ADVAPI32.dll
0x00007ffb2d5c0000 - 0x00007ffb2d65c000 	C:\WINDOWS\System32\sechost.dll
0x00007ffb2d2e0000 - 0x00007ffb2d405000 	C:\WINDOWS\System32\RPCRT4.dll
0x00007ffb2dd30000 - 0x00007ffb2dd38000 	C:\WINDOWS\System32\PSAPI.DLL
0x00007ffb20880000 - 0x00007ffb20889000 	C:\WINDOWS\SYSTEM32\WSOCK32.dll
0x00007ffb20760000 - 0x00007ffb20787000 	C:\WINDOWS\SYSTEM32\WINMM.dll
0x00007ffb2dcb0000 - 0x00007ffb2dd1b000 	C:\WINDOWS\System32\WS2_32.dll
0x00007ffb26650000 - 0x00007ffb2665a000 	C:\WINDOWS\SYSTEM32\VERSION.dll
0x00007ffb2a090000 - 0x00007ffb2a0a2000 	C:\WINDOWS\SYSTEM32\kernel.appcore.dll
0x00007ffb19b30000 - 0x00007ffb19b41000 	C:\Program Files\Android\Android Studio\jre\bin\verify.dll
0x00007ffb1fed0000 - 0x00007ffb200b4000 	C:\WINDOWS\SYSTEM32\DBGHELP.DLL
0x00007ffb1cbc0000 - 0x00007ffb1cbec000 	C:\WINDOWS\SYSTEM32\dbgcore.DLL
0x00007ffb2c4f0000 - 0x00007ffb2c572000 	C:\WINDOWS\System32\bcryptPrimitives.dll
0x00007ffb0e580000 - 0x00007ffb0e5a9000 	C:\Program Files\Android\Android Studio\jre\bin\java.dll
0x00007ffb1fcd0000 - 0x00007ffb1fcdb000 	C:\Program Files\Android\Android Studio\jre\bin\jimage.dll
0x00007ffb0f000000 - 0x00007ffb0f018000 	C:\Program Files\Android\Android Studio\jre\bin\zip.dll
0x00007ffb2cb90000 - 0x00007ffb2d2d4000 	C:\WINDOWS\System32\SHELL32.dll
0x00007ffb2a370000 - 0x00007ffb2ab04000 	C:\WINDOWS\SYSTEM32\windows.storage.dll
0x00007ffb2d780000 - 0x00007ffb2dad4000 	C:\WINDOWS\System32\combase.dll
0x00007ffb2bcb0000 - 0x00007ffb2bce0000 	C:\WINDOWS\SYSTEM32\Wldp.dll
0x00007ffb2dd40000 - 0x00007ffb2dded000 	C:\WINDOWS\System32\SHCORE.dll
0x00007ffb2e3a0000 - 0x00007ffb2e3f5000 	C:\WINDOWS\System32\shlwapi.dll
0x00007ffb2c190000 - 0x00007ffb2c1af000 	C:\WINDOWS\SYSTEM32\profapi.dll
0x00007ffb0e9e0000 - 0x00007ffb0e9fa000 	C:\Program Files\Android\Android Studio\jre\bin\net.dll
0x00007ffb27430000 - 0x00007ffb2753a000 	C:\WINDOWS\SYSTEM32\WINHTTP.dll
0x00007ffb2b9a0000 - 0x00007ffb2ba0a000 	C:\WINDOWS\system32\mswsock.dll
0x00007ffb09e00000 - 0x00007ffb09e14000 	C:\Program Files\Android\Android Studio\jre\bin\nio.dll
0x00007ffafe000000 - 0x00007ffafe027000 	C:\Users\ok\.gradle\native\e1d6ef7f7dcc3fd88c89a11ec53ec762bb8ba0a96d01ffa2cd45eb1d1d8dd5c5\windows-amd64\native-platform.dll
0x00007fface580000 - 0x00007fface6c4000 	C:\Users\ok\.gradle\native\0d407fdbe67a94daf76414ababcb853783967236a71b16ec16e742cd7a986fd3\windows-amd64\native-platform-file-events.dll
0x00007ffb1e230000 - 0x00007ffb1e23a000 	C:\Program Files\Android\Android Studio\jre\bin\management.dll
0x00007ffb1d610000 - 0x00007ffb1d61d000 	C:\Program Files\Android\Android Studio\jre\bin\management_ext.dll
0x00007ffb2bba0000 - 0x00007ffb2bbb8000 	C:\WINDOWS\SYSTEM32\CRYPTSP.dll
0x00007ffb2b2c0000 - 0x00007ffb2b2f4000 	C:\WINDOWS\system32\rsaenh.dll
0x00007ffb2c580000 - 0x00007ffb2c5a7000 	C:\WINDOWS\System32\bcrypt.dll
0x00007ffb2c150000 - 0x00007ffb2c17e000 	C:\WINDOWS\SYSTEM32\USERENV.dll
0x00007ffb2bb90000 - 0x00007ffb2bb9c000 	C:\WINDOWS\SYSTEM32\CRYPTBASE.dll
0x00007ffb2b690000 - 0x00007ffb2b6cb000 	C:\WINDOWS\SYSTEM32\IPHLPAPI.DLL
0x00007ffb2dd20000 - 0x00007ffb2dd28000 	C:\WINDOWS\System32\NSI.dll
0x00007ffb26980000 - 0x00007ffb26997000 	C:\WINDOWS\SYSTEM32\dhcpcsvc6.DLL
0x00007ffb26d20000 - 0x00007ffb26d3d000 	C:\WINDOWS\SYSTEM32\dhcpcsvc.DLL
0x00007ffb2b6d0000 - 0x00007ffb2b79b000 	C:\WINDOWS\SYSTEM32\DNSAPI.dll

dbghelp: loaded successfully - version: 4.0.5 - missing functions: none
symbol engine: initialized successfully - sym options: 0x614 - pdb path: .;C:\Program Files\Android\Android Studio\jre\bin;C:\WINDOWS\SYSTEM32;C:\WINDOWS\WinSxS\amd64_microsoft.windows.common-controls_6595b64144ccf1df_6.0.19041.1110_none_60b5254171f9507e;C:\Program Files\Android\Android Studio\jre\bin\server;C:\Users\ok\.gradle\native\e1d6ef7f7dcc3fd88c89a11ec53ec762bb8ba0a96d01ffa2cd45eb1d1d8dd5c5\windows-amd64;C:\Users\ok\.gradle\native\0d407fdbe67a94daf76414ababcb853783967236a71b16ec16e742cd7a986fd3\windows-amd64

VM Arguments:
jvm_args: --add-opens=java.base/java.util=ALL-UNNAMED --add-opens=java.base/java.lang=ALL-UNNAMED --add-opens=java.base/java.lang.invoke=ALL-UNNAMED --add-opens=java.base/java.util=ALL-UNNAMED --add-opens=java.prefs/java.util.prefs=ALL-UNNAMED --add-opens=java.prefs/java.util.prefs=ALL-UNNAMED --add-opens=java.base/java.nio.charset=ALL-UNNAMED --add-opens=java.base/java.net=ALL-UNNAMED --add-opens=java.base/java.util.concurrent.atomic=ALL-UNNAMED -Xmx2048m -Dfile.encoding=UTF-8 -Duser.country=KR -Duser.language=ko -Duser.variant 
java_command: org.gradle.launcher.daemon.bootstrap.GradleDaemon 7.4
java_class_path (initial): C:\Users\ok\.gradle\wrapper\dists\gradle-7.4-bin\c0gwcg53nkjbqw7r0h0umtfvt\gradle-7.4\lib\gradle-launcher-7.4.jar
Launcher Type: SUN_STANDARD

[Global flags]
     intx CICompilerCount                          = 3                                         {product} {ergonomic}
     uint ConcGCThreads                            = 1                                         {product} {ergonomic}
     uint G1ConcRefinementThreads                  = 4                                         {product} {ergonomic}
   size_t G1HeapRegionSize                         = 1048576                                   {product} {ergonomic}
    uintx GCDrainStackTargetSize                   = 64                                        {product} {ergonomic}
   size_t InitialHeapSize                          = 268435456                                 {product} {ergonomic}
   size_t MarkStackSize                            = 4194304                                   {product} {ergonomic}
   size_t MaxHeapSize                              = 2147483648                                {product} {command line}
   size_t MaxNewSize                               = 1287651328                                {product} {ergonomic}
   size_t MinHeapDeltaBytes                        = 1048576                                   {product} {ergonomic}
    uintx NonNMethodCodeHeapSize                   = 5830732                                {pd product} {ergonomic}
    uintx NonProfiledCodeHeapSize                  = 122913754                              {pd product} {ergonomic}
    uintx ProfiledCodeHeapSize                     = 122913754                              {pd product} {ergonomic}
    uintx ReservedCodeCacheSize                    = 251658240                              {pd product} {ergonomic}
     bool SegmentedCodeCache                       = true                                      {product} {ergonomic}
     bool UseCompressedClassPointers               = true                                 {lp64_product} {ergonomic}
     bool UseCompressedOops                        = true                                 {lp64_product} {ergonomic}
     bool UseG1GC                                  = true                                      {product} {ergonomic}
     bool UseLargePagesIndividualAllocation        = false                                  {pd product} {ergonomic}

Logging:
Log output configuration:
 #0: stdout all=warning uptime,level,tags
 #1: stderr all=off uptime,level,tags

Environment Variables:
JAVA_HOME=C:\Program Files\Java\jdk-17.0.2
PATH=C:\Program Files (x86)\VMware\VMware Player\bin\;C:\app\ok\product\21c\dbhomeXE\bin;C:\Program Files\Common Files\Oracle\Java\javapath;C:\Program Files (x86)\Common Files\Intel\Shared Libraries\redist\intel64\compiler;C:\Program Files\NVIDIA GPU Computing Toolkit\CUDA\v10.1\bin;C:\Program Files\NVIDIA GPU Computing Toolkit\CUDA\v10.1\libnvvp;C:\Program Files (x86)\Common Files\Oracle\Java\javapath;C:\Program Files (x86)\Embarcadero\Studio\20.0\bin;C:\Users\Public\Documents\Embarcadero\Studio\20.0\Bpl;C:\Program Files (x86)\Embarcadero\Studio\20.0\bin64;C:\Users\Public\Documents\Embarcadero\Studio\20.0\Bpl\Win64;C:\Program Files (x86)\NAT Service;C:\Windows\system32;C:\Windows;C:\Windows\System32\Wbem;C:\Windows\System32\WindowsPowerShell\v1.0\;C:\Program Files (x86)\NVIDIA Corporation\PhysX\Common;C:\Program Files\PuTTY\;C:\Program Files\Microsoft SQL Server\130\Tools\Binn\;C:\WINDOWS\system32;C:\WINDOWS;C:\WINDOWS\System32\Wbem;C:\WINDOWS\System32\WindowsPowerShell\v1.0\;C:\WINDOWS\System32\OpenSSH\;C:\Program Files\Microsoft SQL Server\Client SDK\ODBC\110\Tools\Binn\;C:\Program Files (x86)\Microsoft SQL Server\120\Tools\Binn\ManagementStudio\;C:\Program Files (x86)\Microsoft SQL Server\120\Tools\Binn\;C:\Program Files\Microsoft SQL Server\120\Tools\Binn\;C:\Program Files (x86)\Microsoft SQL Server\120\DTS\Binn\;C:\Program Files\Microsoft SQL Server\120\DTS\Binn\;C:\Users\ok\AppData\Roaming\Microsoft\Windows\Start Menu\Programs\Python 3.6;C:\Users\ok\AppData\Local\Programs\Python\Python36-32\Scripts;C:\Program Files\NVIDIA Corporation\NVIDIA NvDLISR;C:\AI\opencv\build\x64\vc14\bin;C:\Program Files\CMake\bin;C:\AI\protobuf-3.14.0-rc-1\solution\Release;C:\Program Files\Java\jdk-17.0.2\bin;C:\WINDOWS\system32;C:\WINDOWS;C:\WINDOWS\System32\Wbem;C:\WINDOWS\System32\WindowsPowerShell\v1.0\;C:\WINDOWS\System32\OpenSSH\;C:\Program Files\nodejs\;C:\Program Files\Microsoft SQL Server\150\Tools\Binn\;C:\Program Files\Git\cmd;C:\Users\ok\AppData\Local\Programs\Python\Python
USERNAME=ok
LANG=KO
OS=Windows_NT
PROCESSOR_IDENTIFIER=Intel64 Family 6 Model 158 Stepping 9, GenuineIntel



---------------  S Y S T E M  ---------------

OS: Windows 10 , 64 bit Build 19041 (10.0.19041.1806)
OS uptime: 0 days 21:13 hours

CPU:total 4 (initial active 4) (4 cores per cpu, 1 threads per core) family 6 model 158 stepping 9 microcode 0xb4, cmov, cx8, fxsr, mmx, sse, sse2, sse3, ssse3, sse4.1, sse4.2, popcnt, avx, avx2, aes, clmul, erms, rtm, 3dnowpref, lzcnt, tsc, tscinvbit, bmi1, bmi2, adx, fma

Memory: 4k page, system-wide physical 16339M (4173M free)
TotalPageFile size 28627M (AvailPageFile size 0M)
current process WorkingSet (physical memory assigned to process): 523M, peak: 523M
current process commit charge ("private bytes"): 553M, peak: 554M

vm_info: OpenJDK 64-Bit Server VM (11.0.13+0-b1751.21-8125866) for windows-amd64 JRE (11.0.13+0-b1751.21-8125866), built on Feb  2 2022 03:00:22 by "builder" with MS VC++ 14.0 (VS2015)

END.
